SPIDIR executed with the following arguments:
spimap -a fungi-fams/0/0.nt.align -s config/fungi.stree -S config/fungi.smap -p train/fungi.params -o fungi-fams/0/0 -D 0.000564 -L 0.003056 -i 100 --quickiter 1000 -V 1 

finding optimum kappa...
optimum kappa = 2.100000
search: initial
search: lnl    = -71591.914094
search: seqlk  = -71586.789062
search: branch = 40.946009
search: top    = -46.071040
tree: (((AFR696C:0.368312,kwal_13225:0.345213):0.110406,(((spar_2358:0.077602,YCL024W:0.101792):0.055626,smik_2101:0.134360):0.130266,sbay_2536:0.162550):0.341859):0.024644,(((scas_g493.2:0.280534,KLLA0C01650g:0.349574):0.039094,((((YDR507C:0.071332,spar_5391:0.045019):0.033710,smik_5436:0.081833):0.061782,sbay_5766:0.083672):0.210229,CAGL0K05709g:0.357345):0.105172):0.031303,(((((orf19.4308:0.195687,CTRG_05974:0.187178):0.126236,CPAG_02551:0.298716):0.060165,LELG_04128:0.370497):0.172504,CLUG_03892:0.519156):0.006575,(DEHA0G14817g:0.397208,CGUG_04386:0.460685):0.080370):0.646601):0.024644);

search: dups = 4
search: loss = 15
    /-------- AFR696C                    
 /--+                                    
 |  \------- kwal_13225                  
 |                                       
/+           /-- spar_2358               
||         /-+                           
||      /--+ \--- YCL024W                
||      |  |                             
|\------+  \--- smik_2101                
|       |                                
|       \---- sbay_2536                  
|                                        
|  /------ scas_g493.2                   
| /+                                     
+ |\------- KLLA0C01650g                 
| |                                      
| |          /-- YDR507C                 
|/+         /+                           
|||       /-+\- spar_5391                
|||       | |                            
|||  /----+ \-- smik_5436                
|||  |    |                              
||\--+    \-- sbay_5766                  
||   |                                   
||   \-------- CAGL0K05709g              
\+                                       
 |                      /---- orf19.4308 
 |                   /--+                
 |                 /-+  \---- CTRG_05974 
 |                 | |                   
 |             /---+ \------ CPAG_02551  
 |             |   |                     
 |            /+   \-------- LELG_04128  
 |            ||                         
 \------------+\----------- CLUG_03892   
              |                          
              | /-------- DEHA0G14817g   
              \-+                        
                \---------- CGUG_04386   
                                         
search: iter 0
search: reject
search: lnl    = -71655.038842
search: seqlk  = -71977.289062
search: branch = 384.253841
search: top   = -62.003621
tree: ((sbay_2536:0.183306,((smik_2101:0.135378,(YCL024W:0.101491,spar_2358:0.078065):0.053754):0.152525,(kwal_13225:0.353053,AFR696C:0.355213):0.308531):0.024644):0.119757,(((CGUG_04386:0.462586,DEHA0G14817g:0.393779):0.083139,(CLUG_03892:0.518165,(LELG_04128:0.371853,(CPAG_02551:0.298587,(CTRG_05974:0.186904,orf19.4308:0.195766):0.126502):0.059089):0.170438):0.006575):0.605753,((CAGL0K05709g:0.354293,(sbay_5766:0.083634,(smik_5436:0.081922,(spar_5391:0.044983,YDR507C:0.071404):0.033563):0.061877):0.213404):0.078411,(KLLA0C01650g:0.366324,scas_g493.2:0.258835):0.051629):0.078204):0.119757);

search: iter 1
search: accept
search: lnl    = -71572.825146
search: seqlk  = -71585.187500
search: branch = 29.721429
search: top   = -17.359075
tree: (((AFR696C:0.370584,kwal_13225:0.346452):0.140224,((((spar_2358:0.077223,YCL024W:0.102120):0.055686,smik_2101:0.133985):0.123176,sbay_2536:0.170731):0.329076,CAGL0K05709g:0.348207):0.081152):0.014562,(((scas_g493.2:0.278730,(((YDR507C:0.071665,spar_5391:0.044715):0.034532,smik_5436:0.080796):0.058575,sbay_5766:0.087034):0.254959):0.064656,KLLA0C01650g:0.351056):0.009149,(((orf19.4308:0.196496,CTRG_05974:0.186116):0.098305,(CPAG_02551:0.270805,LELG_04128:0.379441):0.088539):0.127065,((DEHA0G14817g:0.398266,CGUG_04386:0.458798):0.062673,CLUG_03892:0.503732):0.089646):0.650171):0.014562);

search: dups = 1
search: loss = 6
    /-------- AFR696C                     
 /--+                                     
 |  \------- kwal_13225                   
 |                                        
 |             /-- spar_2358              
/+           /-+                          
||        /--+ \--- YCL024W               
||        |  |                            
|| /------+  \--- smik_2101               
|| |      |                               
|\-+      \---- sbay_2536                 
|  |                                      
|  \------- CAGL0K05709g                  
|                                         
|   /------ scas_g493.2                   
+   |                                     
|   |        /-- YDR507C                  
| /-+       /+                            
| | |     /-+\- spar_5391                 
| | |     | |                             
|/+ \-----+ \-- smik_5436                 
|||       |                               
|||       \-- sbay_5766                   
|||                                       
||\-------- KLLA0C01650g                  
||                                        
\+                  /---- orf19.4308      
 |                /-+                     
 |                | \---- CTRG_05974      
 |             /--+                       
 |             |  | /------ CPAG_02551    
 |             |  \-+                     
 \-------------+    \-------- LELG_04128  
               |                          
               |   /-------- DEHA0G14817g 
               | /-+                      
               \-+ \---------- CGUG_04386 
                 |                        
                 \----------- CLUG_03892  
                                          
search: iter 2
search: accept
search: lnl    = -71459.229677
search: seqlk  = -71521.750000
search: branch = 72.789627
search: top   = -10.269304
tree: (((CLUG_03892:0.503347,(CGUG_04386:0.458199,DEHA0G14817g:0.399075):0.062337):0.088063,((LELG_04128:0.379688,CPAG_02551:0.270546):0.088020,(CTRG_05974:0.186419,orf19.4308:0.196236):0.099099):0.130142):0.311156,(((((sbay_5766:0.081802,(smik_5436:0.081786,(spar_5391:0.045100,YDR507C:0.071283):0.034074):0.063437):0.220565,(sbay_2536:0.171291,(smik_2101:0.132507,(YCL024W:0.102414,spar_2358:0.077139):0.057009):0.121467):0.365566):0.032706,CAGL0K05709g:0.363160):0.077165,scas_g493.2:0.268737):0.058718,(kwal_13225:0.393544,(KLLA0C01650g:0.293947,AFR696C:0.409278):0.041459):0.079884):0.311156);

search: dups = 1
search: loss = 0
         /----------- CLUG_03892       
       /-+                             
       | | /---------- CGUG_04386      
       | \-+                           
       |   \-------- DEHA0G14817g      
/------+                               
|      |    /-------- LELG_04128       
|      |  /-+                          
|      |  | \------ CPAG_02551         
|      \--+                            
|         | /---- CTRG_05974           
|         \-+                          
|           \---- orf19.4308           
|                                      
|                /-- sbay_5766         
|           /----+                     
|           |    | /-- smik_5436       
|           |    \-+                   
+           |      |/- spar_5391       
|          /+      \+                  
|          ||       \-- YDR507C        
|          ||                          
|          ||       /---- sbay_2536    
|          |\-------+                  
|        /-+        |  /--- smik_2101  
|        | |        \--+               
|        | |           | /--- YCL024W  
|        | |           \-+             
|      /-+ |             \-- spar_2358 
|      | | |                           
|      | | \-------- CAGL0K05709g      
\------+ |                             
       | \------ scas_g493.2           
       |                               
       | /-------- kwal_13225          
       \-+                             
         |/------ KLLA0C01650g         
         \+                            
          \--------- AFR696C           
                                       
search: iter 3
search: reject
search: lnl    = -71478.816223
search: seqlk  = -71512.078125
search: branch = 47.279963
search: top   = -14.018061
tree: (((CLUG_03892:0.503338,(CGUG_04386:0.457847,DEHA0G14817g:0.399494):0.062333):0.087975,((LELG_04128:0.379487,CPAG_02551:0.270846):0.087925,(CTRG_05974:0.186336,orf19.4308:0.196308):0.099176):0.130104):0.312358,((((CAGL0K05709g:0.329169,(sbay_2536:0.172866,(smik_2101:0.132507,(YCL024W:0.102414,spar_2358:0.077139):0.057053):0.119983):0.344902):0.062008,(sbay_5766:0.083634,(smik_5436:0.081691,(spar_5391:0.045084,YDR507C:0.071304):0.034004):0.061501):0.227474):0.076953,scas_g493.2:0.269911):0.059766,(kwal_13225:0.392713,(KLLA0C01650g:0.292657,AFR696C:0.410455):0.042451):0.077267):0.312358);

search: iter 4
search: accept
search: lnl    = -71271.250346
search: seqlk  = -71532.546875
search: branch = 275.771836
search: top   = -14.475307
tree: ((((AFR696C:0.408208,KLLA0C01650g:0.294766):0.047523,kwal_13225:0.385021):0.081791,((scas_g493.2:0.287000,(((YDR507C:0.071429,spar_5391:0.044961):0.034459,smik_5436:0.081191):0.060850,sbay_5766:0.084363):0.244138):0.037521,(CAGL0K05709g:0.338155,(((spar_2358:0.077144,YCL024W:0.102398):0.056501,smik_2101:0.132945):0.121354,sbay_2536:0.172005):0.338935):0.068255):0.066432):0.312396,(((orf19.4308:0.196351,CTRG_05974:0.186286):0.099181,(CPAG_02551:0.270816,LELG_04128:0.379352):0.087921):0.128457,((DEHA0G14817g:0.397780,CGUG_04386:0.459487):0.061689,CLUG_03892:0.503774):0.089113):0.312396);

search: dups = 1
search: loss = 2
          /--------- AFR696C         
         /+                          
       /-+\------ KLLA0C01650g       
       | |                           
       | \-------- kwal_13225        
       |                             
       |  /------ scas_g493.2        
       |  |                          
/------+  |       /-- YDR507C        
|      | /+      /+                  
|      | ||    /-+\- spar_5391       
|      | ||    | |                   
|      | |\----+ \-- smik_5436       
|      | |     |                     
|      \-+     \-- sbay_5766         
|        |                           
|        | /------- CAGL0K05709g     
|        | |                         
|        | |           /-- spar_2358 
|        \-+         /-+             
+          |      /--+ \--- YCL024W  
|          |      |  |               
|          \------+  \--- smik_2101  
|                 |                  
|                 \---- sbay_2536    
|                                    
|           /---- orf19.4308         
|         /-+                        
|         | \---- CTRG_05974         
|      /--+                          
|      |  | /------ CPAG_02551       
|      |  \-+                        
\------+    \-------- LELG_04128     
       |                             
       |   /-------- DEHA0G14817g    
       | /-+                         
       \-+ \---------- CGUG_04386    
         |                           
         \----------- CLUG_03892     
                                     
search: iter 5
search: reject
search: lnl    = -71299.899923
search: seqlk  = -71512.234375
search: branch = 226.809759
search: top   = -14.475307
tree: ((((AFR696C:0.408020,KLLA0C01650g:0.294679):0.045570,kwal_13225:0.388252):0.081682,((CAGL0K05709g:0.352784,(((YDR507C:0.071429,spar_5391:0.045219):0.033925,smik_5436:0.081833):0.062204,sbay_5766:0.083189):0.214176):0.086575,(scas_g493.2:0.259248,(((spar_2358:0.077227,YCL024W:0.102221):0.056406,smik_2101:0.133143):0.120924,sbay_2536:0.171461):0.359095):0.044293):0.057042):0.312307,(((orf19.4308:0.196449,CTRG_05974:0.186172):0.099317,(CPAG_02551:0.271534,LELG_04128:0.378612):0.087570):0.128706,((DEHA0G14817g:0.398214,CGUG_04386:0.459068):0.062256,CLUG_03892:0.503868):0.088079):0.312307);

search: iter 6
search: reject
search: lnl    = -71466.785615
search: seqlk  = -71507.476562
search: branch = 54.709008
search: top   = -14.018061
tree: (((CLUG_03892:0.503686,(CGUG_04386:0.458111,DEHA0G14817g:0.399015):0.062853):0.087108,((LELG_04128:0.379466,CPAG_02551:0.270770):0.087899,(CTRG_05974:0.186359,orf19.4308:0.196402):0.099153):0.129672):0.311717,((((sbay_2536:0.170865,(smik_2101:0.132773,(YCL024W:0.102224,spar_2358:0.077262):0.056648):0.121996):0.357925,((sbay_5766:0.082523,(smik_5436:0.081981,(spar_5391:0.045219,YDR507C:0.071429):0.033815):0.062374):0.215617,CAGL0K05709g:0.352632):0.068515):0.052628,scas_g493.2:0.270586):0.055899,(kwal_13225:0.392770,(KLLA0C01650g:0.295226,AFR696C:0.407827):0.041963):0.080528):0.311717);

search: iter 7
search: reject
search: lnl    = -71507.546236
search: seqlk  = -71540.148438
search: branch = 48.973378
search: top   = -16.371177
tree: (((((AFR696C:0.406444,KLLA0C01650g:0.296304):0.047511,kwal_13225:0.385455):0.130471,(scas_g493.2:0.286850,(((YDR507C:0.071427,spar_5391:0.044953):0.034481,smik_5436:0.081143):0.060542,sbay_5766:0.084490):0.245408):0.041410):0.035940,(CAGL0K05709g:0.340043,(((spar_2358:0.077262,YCL024W:0.102393):0.056284,smik_2101:0.133237):0.120150,sbay_2536:0.173242):0.336749):0.045502):0.317849,(((orf19.4308:0.196767,CTRG_05974:0.185816):0.098659,(CPAG_02551:0.270144,LELG_04128:0.379721):0.088730):0.125957,((DEHA0G14817g:0.395519,CGUG_04386:0.461654):0.062378,CLUG_03892:0.504037):0.090221):0.317849);

search: iter 8
search: reject
search: lnl    = -72577.365759
search: seqlk  = -72543.273438
search: branch = 19.160266
search: top   = -53.252587
tree: ((((sbay_2536:0.183203,((smik_2101:0.134053,(YCL024W:0.102745,spar_2358:0.076647):0.056259):0.128149,(CGUG_04386:0.471087,DEHA0G14817g:0.362825):0.715543):0.000715):0.310026,CAGL0K05709g:0.347486):0.062768,((sbay_5766:0.084275,(smik_5436:0.081189,(spar_5391:0.044937,YDR507C:0.071448):0.034550):0.060877):0.247606,scas_g493.2:0.284932):0.044541):0.022434,((CLUG_03892:0.493511,((LELG_04128:0.382267,CPAG_02551:0.266918):0.086885,(CTRG_05974:0.192222,orf19.4308:0.190671):0.094734):0.180068):0.538304,(kwal_13225:0.388793,(KLLA0C01650g:0.295617,AFR696C:0.407280):0.043697):0.099931):0.022434);

search: iter 9
search: reject
search: lnl    = -71416.856406
search: seqlk  = -71533.960938
search: branch = 131.579838
search: top   = -14.475307
tree: ((((sbay_5766:0.083811,(smik_5436:0.081173,(spar_5391:0.045060,YDR507C:0.071318):0.034440):0.061379):0.244775,(((sbay_2536:0.171854,(smik_2101:0.132536,(YCL024W:0.102519,spar_2358:0.077042):0.056931):0.121172):0.339929,CAGL0K05709g:0.336909):0.069102,scas_g493.2:0.285638):0.037596):0.071301,(kwal_13225:0.383314,(KLLA0C01650g:0.294084,AFR696C:0.408504):0.049326):0.076557):0.314343,((CLUG_03892:0.504170,(CGUG_04386:0.458881,DEHA0G14817g:0.398527):0.061499):0.088437,((LELG_04128:0.378959,CPAG_02551:0.271317):0.087579,(CTRG_05974:0.186113,orf19.4308:0.196494):0.099458):0.129203):0.314343);

search: iter 10
search: reject
search: lnl    = -71524.382626
search: seqlk  = -71543.132812
search: branch = 34.391401
search: top   = -15.641214
tree: ((((AFR696C:0.406459,KLLA0C01650g:0.296666):0.047095,kwal_13225:0.385562):0.132705,(CAGL0K05709g:0.340361,(((spar_2358:0.077121,YCL024W:0.102416):0.056343,smik_2101:0.133134):0.121242,sbay_2536:0.172092):0.337192):0.072115):0.002288,((scas_g493.2:0.285598,(((YDR507C:0.071490,spar_5391:0.044924):0.034489,smik_5436:0.081061):0.060265,sbay_5766:0.084900):0.245661):0.041804,(((orf19.4308:0.196675,CTRG_05974:0.185887):0.098857,(CPAG_02551:0.270540,LELG_04128:0.379447):0.088173):0.124768,((DEHA0G14817g:0.396552,CGUG_04386:0.460756):0.062803,CLUG_03892:0.503499):0.091966):0.650113):0.002288);

search: iter 11
search: reject
search: lnl    = -72529.614560
search: seqlk  = -72526.726562
search: branch = 26.440832
search: top   = -29.328830
tree: (((LELG_04128:0.375254,CPAG_02551:0.274134):0.086528,((sbay_5766:0.095251,(smik_5436:0.081471,(spar_5391:0.044575,YDR507C:0.071903):0.035165):0.045334):0.826548,(CTRG_05974:0.186088,orf19.4308:0.196182):0.101364):0.032449):0.040485,((CLUG_03892:0.503042,(CGUG_04386:0.458342,DEHA0G14817g:0.398848):0.063447):0.124231,((((sbay_2536:0.176332,(smik_2101:0.133779,(YCL024W:0.102280,spar_2358:0.077081):0.055975):0.116810):0.324623,CAGL0K05709g:0.354493):0.081020,scas_g493.2:0.261770):0.053553,(kwal_13225:0.399487,(KLLA0C01650g:0.302528,AFR696C:0.401251):0.032079):0.093881):0.566907):0.040485);

search: iter 12
search: reject
search: lnl    = -71494.285843
search: seqlk  = -71543.140625
search: branch = 65.225960
search: top   = -16.371177
tree: (((((sbay_2536:0.172202,(smik_2101:0.133180,(YCL024W:0.102413,spar_2358:0.077121):0.056254):0.120951):0.337339,CAGL0K05709g:0.340834):0.071234,(kwal_13225:0.385780,(KLLA0C01650g:0.296079,AFR696C:0.407443):0.047261):0.132300):0.004400,((sbay_5766:0.085016,(smik_5436:0.081148,(spar_5391:0.044929,YDR507C:0.071463):0.034489):0.060047):0.246495,scas_g493.2:0.285360):0.042689):0.325787,((CLUG_03892:0.504167,(CGUG_04386:0.460786,DEHA0G14817g:0.396637):0.062307):0.093699,((LELG_04128:0.379437,CPAG_02551:0.270567):0.088260,(CTRG_05974:0.185873,orf19.4308:0.196575):0.098896):0.123522):0.325787);

search: iter 13
search: reject
search: lnl    = -72550.255999
search: seqlk  = -72558.656250
search: branch = 27.994887
search: top   = -19.594636
tree: (((CLUG_03892:0.421468,(CGUG_04386:0.448050,DEHA0G14817g:0.406845):0.087099):0.529292,((sbay_5766:0.085855,(smik_5436:0.080685,(spar_5391:0.044857,YDR507C:0.071605):0.035221):0.058337):0.250381,scas_g493.2:0.258769):0.017973):0.126236,((((sbay_2536:0.171778,(smik_2101:0.135595,(YCL024W:0.102166,spar_2358:0.077316):0.054324):0.122415):0.324748,CAGL0K05709g:0.350834):0.054333,(kwal_13225:0.381487,(KLLA0C01650g:0.307234,AFR696C:0.395087):0.041225):0.098483):0.113914,((LELG_04128:0.379395,CPAG_02551:0.266965):0.067287,(CTRG_05974:0.189534,orf19.4308:0.192975):0.100764):0.567378):0.126236);

search: iter 14
search: reject
search: lnl    = -71361.233439
search: seqlk  = -71505.953125
search: branch = 159.194993
search: top   = -14.475307
tree: ((((AFR696C:0.406065,KLLA0C01650g:0.296517):0.043614,kwal_13225:0.388735):0.079849,((scas_g493.2:0.272694,(CAGL0K05709g:0.354532,(((YDR507C:0.071307,spar_5391:0.045148):0.033691,smik_5436:0.081901):0.061665,sbay_5766:0.083881):0.213295):0.084268):0.057438,(((spar_2358:0.077319,YCL024W:0.102085):0.055890,smik_2101:0.133797):0.123331,sbay_2536:0.169537):0.350906):0.038371):0.312362,(((orf19.4308:0.196534,CTRG_05974:0.186008):0.099189,(CPAG_02551:0.271117,LELG_04128:0.379055):0.087825):0.127093,((DEHA0G14817g:0.398649,CGUG_04386:0.458653):0.062940,CLUG_03892:0.504018):0.089510):0.312362);

search: iter 15
search: reject
search: lnl    = -71524.845325
search: seqlk  = -71545.531250
search: branch = 36.327139
search: top   = -15.641214
tree: (((((sbay_2536:0.171736,(smik_2101:0.132653,(YCL024W:0.102533,spar_2358:0.077017):0.056843):0.121377):0.338397,CAGL0K05709g:0.338610):0.070560,scas_g493.2:0.284649):0.042240,(kwal_13225:0.384276,(KLLA0C01650g:0.295986,AFR696C:0.406693):0.049026):0.131962):0.007336,((sbay_5766:0.084162,(smik_5436:0.081095,(spar_5391:0.045038,YDR507C:0.071345):0.034512):0.060904):0.240035,((CLUG_03892:0.503357,(CGUG_04386:0.460275,DEHA0G14817g:0.397226):0.062326):0.090211,((LELG_04128:0.378977,CPAG_02551:0.271103):0.087701,(CTRG_05974:0.185659,orf19.4308:0.196875):0.099173):0.126251):0.651972):0.007336);

search: iter 16
search: reject
search: lnl    = -73483.615889
search: seqlk  = -73671.742188
search: branch = 246.070611
search: top   = -57.944313
tree: ((((LELG_04128:0.345016,(YCL024W:0.105086,spar_2358:0.071787):0.869271):0.044542,CPAG_02551:0.283848):0.068330,(CTRG_05974:0.185723,orf19.4308:0.196964):0.114984):0.054648,((CLUG_03892:0.502726,(CGUG_04386:0.459930,DEHA0G14817g:0.397102):0.064425):0.102765,((((sbay_2536:0.187801,smik_2101:0.219597):0.321410,CAGL0K05709g:0.338375):0.068325,((sbay_5766:0.084177,(smik_5436:0.081199,(spar_5391:0.045039,YDR507C:0.071357):0.034505):0.060884):0.244671,scas_g493.2:0.287177):0.037026):0.062681,(kwal_13225:0.384065,(KLLA0C01650g:0.294711,AFR696C:0.408169):0.048645):0.087530):0.600878):0.054648);

search: iter 17
search: reject
search: lnl    = -71521.816296
search: seqlk  = -71540.148438
search: branch = 33.973355
search: top   = -15.641214
tree: ((((sbay_2536:0.173008,(smik_2101:0.133201,(YCL024W:0.102431,spar_2358:0.077089):0.056295):0.120432):0.336804,CAGL0K05709g:0.340014):0.046453,((CLUG_03892:0.504292,(CGUG_04386:0.461590,DEHA0G14817g:0.395604):0.062356):0.090275,((LELG_04128:0.379717,CPAG_02551:0.270167):0.088656,(CTRG_05974:0.185801,orf19.4308:0.196803):0.098729):0.125813):0.636032):0.017510,(((sbay_5766:0.084623,(smik_5436:0.081164,(spar_5391:0.044957,YDR507C:0.071433):0.034480):0.060470):0.245608,scas_g493.2:0.286512):0.041400,(kwal_13225:0.385821,(KLLA0C01650g:0.296445,AFR696C:0.406843):0.047252):0.130613):0.017510);

search: iter 18
search: reject
search: lnl    = -72021.681538
search: seqlk  = -71955.867188
search: branch = 10.665748
search: top   = -76.480099
tree: (((AFR696C:0.377883,kwal_13225:0.335286):0.123363,((scas_g493.2:0.293958,(((YDR507C:0.071184,spar_5391:0.044949):0.036397,(smik_5436:0.065583,KLLA0C01650g:0.606759):0.017610):0.059696,sbay_5766:0.086458):0.234715):0.049544,(CAGL0K05709g:0.340645,(((spar_2358:0.077214,YCL024W:0.102338):0.056421,smik_2101:0.133359):0.126750,sbay_2536:0.166647):0.338820):0.052862):0.059918):0.313871,(((orf19.4308:0.196717,CTRG_05974:0.185801):0.100974,(CPAG_02551:0.271223,LELG_04128:0.378657):0.086558):0.135958,((DEHA0G14817g:0.396056,CGUG_04386:0.461759):0.059969,CLUG_03892:0.505051):0.082716):0.313871);

search: iter 19
search: reject
search: lnl    = -71513.743835
search: seqlk  = -71542.335938
search: branch = 44.963280
search: top   = -16.371177
tree: (((CLUG_03892:0.503164,(CGUG_04386:0.460510,DEHA0G14817g:0.396777):0.062887):0.090484,((LELG_04128:0.379514,CPAG_02551:0.270486):0.087824,(CTRG_05974:0.185868,orf19.4308:0.196674):0.099275):0.126071):0.325318,((((sbay_2536:0.172324,(smik_2101:0.132750,(YCL024W:0.102576,spar_2358:0.076970):0.056759):0.120816):0.338231,CAGL0K05709g:0.339294):0.070454,scas_g493.2:0.284503):0.019041,((sbay_5766:0.083993,(smik_5436:0.081112,(spar_5391:0.045030,YDR507C:0.071341):0.034462):0.061197):0.244268,(kwal_13225:0.383000,(KLLA0C01650g:0.296313,AFR696C:0.406336):0.049633):0.127904):0.035182):0.325318);

search: iter 20
search: reject
search: lnl    = -71516.345211
search: seqlk  = -71545.539062
search: branch = 45.565028
search: top   = -16.371177
tree: (((CLUG_03892:0.503607,(CGUG_04386:0.459815,DEHA0G14817g:0.397660):0.062828):0.090473,((LELG_04128:0.379032,CPAG_02551:0.270955):0.087841,(CTRG_05974:0.185635,orf19.4308:0.196900):0.098998):0.125993):0.324907,((sbay_5766:0.084371,(smik_5436:0.081092,(spar_5391:0.045083,YDR507C:0.071337):0.034491):0.060583):0.238151,((((sbay_2536:0.171695,(smik_2101:0.132650,(YCL024W:0.102536,spar_2358:0.077015):0.056851):0.121374):0.338476,CAGL0K05709g:0.338547):0.070479,scas_g493.2:0.284747):0.042329,(kwal_13225:0.384357,(KLLA0C01650g:0.295913,AFR696C:0.406814):0.048956):0.132406):0.016465):0.324907);

search: iter 21
search: reject
search: lnl    = -72270.964067
search: seqlk  = -72301.914062
search: branch = 50.544631
search: top   = -19.594636
tree: ((((orf19.4308:0.194254,CTRG_05974:0.188202):0.096281,(CPAG_02551:0.266971,LELG_04128:0.379919):0.072728):0.557117,(((YDR507C:0.071390,spar_5391:0.045091):0.034779,smik_5436:0.081165):0.058115,sbay_5766:0.085775):0.259699):0.000954,((((AFR696C:0.406324,KLLA0C01650g:0.296386):0.045364,kwal_13225:0.389631):0.124203,(scas_g493.2:0.276372,(CAGL0K05709g:0.341346,(((spar_2358:0.077022,YCL024W:0.102477):0.056503,smik_2101:0.133421):0.119604,sbay_2536:0.173614):0.337000):0.075834):0.045057):0.081368,((DEHA0G14817g:0.406645,CGUG_04386:0.448546):0.080810,CLUG_03892:0.431687):0.475529):0.000954);

search: iter 22
search: reject
search: lnl    = -71309.101416
search: seqlk  = -71536.203125
search: branch = 250.556349
search: top   = -23.454639
tree: ((((orf19.4308:0.196582,CTRG_05974:0.185984):0.100441,(CPAG_02551:0.271091,LELG_04128:0.378889):0.086567):0.128336,((DEHA0G14817g:0.401660,CLUG_03892:0.501373):0.048213,CGUG_04386:0.469730):0.095876):0.312383,(((AFR696C:0.408278,KLLA0C01650g:0.294643):0.047896,kwal_13225:0.384276):0.078189,((scas_g493.2:0.286833,(((YDR507C:0.071406,spar_5391:0.044989):0.034459,smik_5436:0.081191):0.060901,sbay_5766:0.084228):0.245095):0.037621,(CAGL0K05709g:0.337986,(((spar_2358:0.077153,YCL024W:0.102381):0.056566,smik_2101:0.132656):0.121306,sbay_2536:0.172151):0.338991):0.068135):0.069219):0.312383);

search: iter 23
search: reject
search: lnl    = -71998.102882
search: seqlk  = -72017.718750
search: branch = 40.409027
search: top   = -20.793158
tree: (((((((sbay_5766:0.072768,(smik_5436:0.082380,(spar_5391:0.044612,YDR507C:0.071906):0.033552):0.070476):0.438983,sbay_2536:0.206526):0.019654,(smik_2101:0.129693,(YCL024W:0.102999,spar_2358:0.076649):0.058494):0.153447):0.243682,CAGL0K05709g:0.358315):0.081006,scas_g493.2:0.267110):0.053535,(kwal_13225:0.399021,(KLLA0C01650g:0.302361,AFR696C:0.401088):0.033202):0.085748):0.307887,((CLUG_03892:0.503845,(CGUG_04386:0.457641,DEHA0G14817g:0.399918):0.062580):0.084760,((LELG_04128:0.379787,CPAG_02551:0.270918):0.087391,(CTRG_05974:0.186682,orf19.4308:0.195997):0.099477):0.133248):0.307887);

search: iter 24
search: accept
search: lnl    = -70930.219903
search: seqlk  = -71540.664062
search: branch = 644.608795
search: top   = -34.164636
tree: (((AFR696C:0.398535,(KLLA0C01650g:0.301035,((scas_g493.2:0.285157,(((YDR507C:0.071511,spar_5391:0.044869):0.034326,smik_5436:0.081255):0.060396,sbay_5766:0.085071):0.245961):0.035413,(CAGL0K05709g:0.337720,(((spar_2358:0.077087,YCL024W:0.102450):0.056790,smik_2101:0.132558):0.120411,sbay_2536:0.172684):0.338084):0.071101):0.127853):0.075322):0.004797,kwal_13225:0.363095):0.327452,(((orf19.4308:0.196075,CTRG_05974:0.186578):0.099355,(CPAG_02551:0.271272,LELG_04128:0.379264):0.087991):0.137643,((DEHA0G14817g:0.400208,CGUG_04386:0.457357):0.060426,CLUG_03892:0.504443):0.082202):0.327452);

search: dups = 3
search: loss = 9
        /-------- AFR696C                
        |                                
        | /------- KLLA0C01650g          
       /+ |                              
       || |   /------ scas_g493.2        
       || |   |                          
       || |   |       /-- YDR507C        
       |\-+  /+      /+                  
       |  |  ||    /-+\- spar_5391       
       |  |  ||    | |                   
       |  |  |\----+ \-- smik_5436       
       |  |  |     |                     
       |  \--+     \-- sbay_5766         
/------+     |                           
|      |     | /------- CAGL0K05709g     
|      |     | |                         
|      |     | |           /-- spar_2358 
|      |     \-+         /-+             
|      |       |      /--+ \--- YCL024W  
|      |       |      |  |               
|      |       \------+  \--- smik_2101  
|      |              |                  
+      |              \---- sbay_2536    
|      |                                 
|      \-------- kwal_13225              
|                                        
|           /---- orf19.4308             
|         /-+                            
|         | \---- CTRG_05974             
|      /--+                              
|      |  | /------ CPAG_02551           
|      |  \-+                            
\------+    \-------- LELG_04128         
       |                                 
       |   /--------- DEHA0G14817g       
       | /-+                             
       \-+ \---------- CGUG_04386        
         |                               
         \----------- CLUG_03892         
                                         
search: iter 25
search: reject
search: lnl    = -72157.962911
search: seqlk  = -72207.937500
search: branch = 96.403730
search: top   = -46.429141
tree: (((kwal_13225:1.071991,(LELG_04128:0.376577,CPAG_02551:0.273475):0.086611):0.002056,(CTRG_05974:0.185919,orf19.4308:0.197052):0.117957):0.050270,((CLUG_03892:0.504534,(CGUG_04386:0.457485,DEHA0G14817g:0.399673):0.060994):0.108560,(((((sbay_2536:0.172260,(smik_2101:0.133094,(YCL024W:0.102440,spar_2358:0.077082):0.056301):0.120614):0.336370,CAGL0K05709g:0.338376):0.070566,((sbay_5766:0.084260,(smik_5436:0.081056,(spar_5391:0.044615,YDR507C:0.071773):0.034526):0.061340):0.253026,scas_g493.2:0.276377):0.035671):0.129457,KLLA0C01650g:0.290375):0.005331,AFR696C:0.445942):0.607150):0.050270);

search: iter 26
search: accept
search: lnl    = -70023.634166
search: seqlk  = -71543.585938
search: branch = 1563.027641
search: top   = -43.075870
tree: ((kwal_13225:0.365754,(((((sbay_2536:0.172768,(smik_2101:0.132497,(YCL024W:0.102450,spar_2358:0.077092):0.056874):0.120619):0.338035,CAGL0K05709g:0.337767):0.071252,((sbay_5766:0.084918,(smik_5436:0.081216,(spar_5391:0.044804,YDR507C:0.071606):0.034435):0.060501):0.245853,scas_g493.2:0.285507):0.035350):0.127450,KLLA0C01650g:0.301241):0.078770,AFR696C:0.393105):0.002932):0.313538,(CLUG_03892:0.446546,((CGUG_04386:0.458350,DEHA0G14817g:0.399207):0.073084,((LELG_04128:0.379605,CPAG_02551:0.270924):0.089966,(CTRG_05974:0.185812,orf19.4308:0.196630):0.097573):0.190026):0.083744):0.313538);

search: dups = 4
search: loss = 12
       /-------- kwal_13225              
       |                                 
       |              /---- sbay_2536    
       |       /------+                  
       |       |      |  /--- smik_2101  
       |       |      \--+               
       |     /-+         | /--- YCL024W  
       |     | |         \-+             
       |     | |           \-- spar_2358 
       |     | |                         
/------+     | \------- CAGL0K05709g     
|      |  /--+                           
|      |  |  |     /-- sbay_5766         
|      |  |  |/----+                     
|      |  |  ||    | /-- smik_5436       
|      |  |  ||    \-+                   
|      |/-+  \+      |/- spar_5391       
|      || |   |      \+                  
|      || |   |       \-- YDR507C        
+      || |   |                          
|      \+ |   \------ scas_g493.2        
|       | |                              
|       | \------- KLLA0C01650g          
|       |                                
|       \-------- AFR696C                
|                                        
|      /--------- CLUG_03892             
|      |                                 
|      |   /---------- CGUG_04386        
\------+ /-+                             
       | | \-------- DEHA0G14817g        
       | |                               
       \-+     /-------- LELG_04128      
         |   /-+                         
         |   | \------ CPAG_02551        
         \---+                           
             | /---- CTRG_05974          
             \-+                         
               \---- orf19.4308          
                                         
search: iter 27
search: reject
search: lnl    = -72022.336450
search: seqlk  = -72038.796875
search: branch = 36.055061
search: top   = -19.594636
tree: (((sbay_2536:0.175294,(smik_2101:0.134010,(YCL024W:0.102600,spar_2358:0.076785):0.056402):0.110223):0.665629,((LELG_04128:0.378372,CPAG_02551:0.270731):0.088178,(CTRG_05974:0.185565,orf19.4308:0.197267):0.096769):0.171422):0.018762,((CLUG_03892:0.486912,(CGUG_04386:0.457381,DEHA0G14817g:0.397718):0.071313):0.087186,((kwal_13225:0.391290,(AFR696C:0.410881,KLLA0C01650g:0.292552):0.042531):0.085367,((CAGL0K05709g:0.350774,(sbay_5766:0.085512,(smik_5436:0.081743,(spar_5391:0.045076,YDR507C:0.071305):0.034016):0.059439):0.215886):0.087935,scas_g493.2:0.265160):0.058714):0.509503):0.018762);

search: iter 28
search: reject
search: lnl    = -71440.412835
search: seqlk  = -71493.890625
search: branch = 72.677818
search: top   = -19.200028
tree: ((((LELG_04128:0.379978,CPAG_02551:0.270421):0.088491,(CTRG_05974:0.186271,orf19.4308:0.196355):0.098694):0.126742,((CGUG_04386:0.457782,DEHA0G14817g:0.399281):0.063115,CLUG_03892:0.503115):0.090613):0.310897,((scas_g493.2:0.264884,(((sbay_5766:0.082274,(smik_5436:0.081765,(spar_5391:0.045055,YDR507C:0.071349):0.033864):0.062809):0.220361,(sbay_2536:0.172153,(smik_2101:0.132366,(YCL024W:0.102519,spar_2358:0.077030):0.057105):0.120615):0.365270):0.032625,CAGL0K05709g:0.362871):0.078583):0.057760,(KLLA0C01650g:0.285681,(kwal_13225:0.353156,AFR696C:0.365866):0.104967):0.078526):0.310897);

search: iter 29
search: reject
search: lnl    = -71463.940329
search: seqlk  = -71505.335938
search: branch = 61.439690
search: top   = -20.044081
tree: ((((orf19.4308:0.196111,CTRG_05974:0.186511):0.098204,(CPAG_02551:0.270793,LELG_04128:0.379909):0.088885):0.127334,(CLUG_03892:0.505003,(DEHA0G14817g:0.400251,CGUG_04386:0.456857):0.061526):0.090374):0.316389,(KLLA0C01650g:0.272118,((AFR696C:0.368076,kwal_13225:0.351721):0.111317,((CAGL0K05709g:0.363027,((((spar_2358:0.077030,YCL024W:0.102504):0.057097,smik_2101:0.132316):0.119965,sbay_2536:0.172338):0.365656,(((YDR507C:0.071344,spar_5391:0.045046):0.033795,smik_5436:0.081816):0.062363,sbay_5766:0.082607):0.219020):0.033269):0.079665,scas_g493.2:0.265705):0.111009):0.033315):0.316389);

search: iter 30
search: reject
search: lnl    = -71572.321696
search: seqlk  = -71588.773438
search: branch = 33.810817
search: top   = -17.359075
tree: ((((((YDR507C:0.071499,spar_5391:0.044834):0.034521,smik_5436:0.080874):0.060623,sbay_5766:0.084491):0.262641,(kwal_13225:0.340564,AFR696C:0.377002):0.138980):0.041307,(((DEHA0G14817g:0.398336,CGUG_04386:0.458586):0.062634,CLUG_03892:0.503795):0.090901,((orf19.4308:0.196693,CTRG_05974:0.185896):0.098923,(CPAG_02551:0.270960,LELG_04128:0.379451):0.087873):0.125748):0.656144):0.000083,(KLLA0C01650g:0.353148,(scas_g493.2:0.277183,(CAGL0K05709g:0.343993,(((spar_2358:0.076950,YCL024W:0.102510):0.056827,smik_2101:0.132637):0.119785,sbay_2536:0.173319):0.332891):0.076567):0.062093):0.000083);

search: iter 31
search: reject
search: lnl    = -71503.134591
search: seqlk  = -71534.562500
search: branch = 50.188654
search: top   = -18.760745
tree: (kwal_13225:0.194617,((((((sbay_2536:0.171439,(smik_2101:0.132642,(YCL024W:0.102417,spar_2358:0.077148):0.056909):0.120896):0.365583,(sbay_5766:0.082330,(smik_5436:0.081817,(spar_5391:0.045123,YDR507C:0.071267):0.033901):0.062463):0.220935):0.031831,CAGL0K05709g:0.363360):0.078410,scas_g493.2:0.269979):0.113400,(KLLA0C01650g:0.290742,AFR696C:0.412422):0.057686):0.015873,((CLUG_03892:0.505116,(CGUG_04386:0.457187,DEHA0G14817g:0.400117):0.060772):0.086803,((LELG_04128:0.379726,CPAG_02551:0.270960):0.088278,(CTRG_05974:0.186746,orf19.4308:0.196049):0.099042):0.132191):0.637825):0.194617);

search: iter 32
search: reject
search: lnl    = -71469.960917
search: seqlk  = -71505.328125
search: branch = 54.681325
search: top   = -19.314117
tree: (((((orf19.4308:0.196096,CTRG_05974:0.186516):0.098008,(CPAG_02551:0.270772,LELG_04128:0.379918):0.088999):0.127659,((DEHA0G14817g:0.400249,CGUG_04386:0.456715):0.061658,CLUG_03892:0.504462):0.090282):0.632217,KLLA0C01650g:0.272368):0.016701,((AFR696C:0.367597,kwal_13225:0.351372):0.111555,((CAGL0K05709g:0.363175,((((spar_2358:0.077049,YCL024W:0.102499):0.057148,smik_2101:0.132304):0.120525,sbay_2536:0.172030):0.365122,(((YDR507C:0.071354,spar_5391:0.045040):0.033816,smik_5436:0.081816):0.062808,sbay_5766:0.082352):0.219421):0.033176):0.079382,scas_g493.2:0.265351):0.111393):0.016701);

search: iter 33
search: accept
search: lnl    = -69037.634801
search: seqlk  = -71544.757812
search: branch = 2560.529396
search: top   = -53.406384
tree: (((AFR696C:0.389435,(KLLA0C01650g:0.300453,((scas_g493.2:0.285553,(((YDR507C:0.071597,spar_5391:0.044718):0.034427,smik_5436:0.081087):0.060847,sbay_5766:0.084670):0.245714):0.034975,(CAGL0K05709g:0.337172,(((spar_2358:0.077085,YCL024W:0.102454):0.057016,smik_2101:0.132347):0.120318,sbay_2536:0.172945):0.338337):0.071447):0.128414):0.081612):0.007208,kwal_13225:0.359764):0.315523,(((((orf19.4308:0.196908,CTRG_05974:0.185347):0.098004,(CPAG_02551:0.270544,LELG_04128:0.379791):0.088758):0.198907,DEHA0G14817g:0.414870):0.072006,CGUG_04386:0.450721):0.068211,CLUG_03892:0.441369):0.315523);

search: dups = 5
search: loss = 16
        /-------- AFR696C                
        |                                
        | /------- KLLA0C01650g          
       /+ |                              
       || |   /------ scas_g493.2        
       || |   |                          
       || |   |       /-- YDR507C        
       |\-+  /+      /+                  
       |  |  ||    /-+\- spar_5391       
       |  |  ||    | |                   
       |  |  |\----+ \-- smik_5436       
       |  |  |     |                     
       |  \--+     \-- sbay_5766         
/------+     |                           
|      |     | /------- CAGL0K05709g     
|      |     | |                         
|      |     | |           /-- spar_2358 
|      |     \-+         /-+             
|      |       |      /--+ \--- YCL024W  
|      |       |      |  |               
|      |       \------+  \--- smik_2101  
|      |              |                  
|      |              \---- sbay_2536    
|      |                                 
+      \-------- kwal_13225              
|                                        
|                /---- orf19.4308        
|              /-+                       
|              | \---- CTRG_05974        
|          /---+                         
|          |   | /------ CPAG_02551      
|        /-+   \-+                       
|        | |     \-------- LELG_04128    
|      /-+ |                             
|      | | \--------- DEHA0G14817g       
\------+ |                               
       | \---------- CGUG_04386          
       |                                 
       \--------- CLUG_03892             
                                         
search: iter 34
search: reject
search: lnl    = -71589.129466
search: seqlk  = -71607.484375
search: branch = 35.160612
search: top   = -16.805703
tree: (((((sbay_2536:0.171978,(smik_2101:0.132648,(YCL024W:0.102407,spar_2358:0.077082):0.056868):0.121134):0.334077,CAGL0K05709g:0.343803):0.074164,scas_g493.2:0.279011):0.064242,(KLLA0C01650g:0.286164,AFR696C:0.415496):0.115047):0.004342,((((DEHA0G14817g:0.398272,CGUG_04386:0.459285):0.062254,CLUG_03892:0.504104):0.088049,((LELG_04128:0.378733,CPAG_02551:0.271556):0.087454,(CTRG_05974:0.185974,orf19.4308:0.196638):0.099602):0.129260):0.657202,(kwal_13225:0.429061,(sbay_5766:0.084711,(smik_5436:0.080960,(spar_5391:0.045126,YDR507C:0.071220):0.034427):0.060555):0.252168):0.033160):0.004342);

search: iter 35
search: reject
search: lnl    = -71632.793137
search: seqlk  = -71646.546875
search: branch = 31.112813
search: top   = -17.359075
tree: ((((kwal_13225:0.402182,KLLA0C01650g:0.310863):0.074444,(scas_g493.2:0.278562,(CAGL0K05709g:0.344289,(((spar_2358:0.077055,YCL024W:0.102438):0.056752,smik_2101:0.132636):0.122154,sbay_2536:0.171162):0.333010):0.075397):0.072050):0.011517,(((orf19.4308:0.196541,CTRG_05974:0.186090):0.099237,(CPAG_02551:0.271370,LELG_04128:0.379034):0.087671):0.132958,(CLUG_03892:0.503815,(DEHA0G14817g:0.398843,CGUG_04386:0.458566):0.061734):0.084778):0.663350):0.008808,((((YDR507C:0.071552,spar_5391:0.044771):0.034675,smik_5436:0.080938):0.060969,sbay_5766:0.083957):0.271819,AFR696C:0.468496):0.008808);

search: iter 36
search: reject
search: lnl    = -71545.846155
search: seqlk  = -71607.484375
search: branch = 79.173887
search: top   = -17.535666
tree: ((((((YDR507C:0.071221,spar_5391:0.045126):0.034427,smik_5436:0.080959):0.060505,sbay_5766:0.084719):0.252176,kwal_13225:0.429175):0.032995,((AFR696C:0.415444,KLLA0C01650g:0.285971):0.115462,(scas_g493.2:0.279414,(CAGL0K05709g:0.343697,(((spar_2358:0.077081,YCL024W:0.102406):0.056889,smik_2101:0.132641):0.121180,sbay_2536:0.171887):0.334116):0.074131):0.063933):0.008745):0.328609,(((orf19.4308:0.196616,CTRG_05974:0.185978):0.099621,(CPAG_02551:0.271337,LELG_04128:0.378911):0.087317):0.129091,((CGUG_04386:0.459641,DEHA0G14817g:0.399075):0.061192,CLUG_03892:0.504449):0.088309):0.328609);

search: iter 37
search: reject
search: lnl    = -71471.992004
search: seqlk  = -71532.398438
search: branch = 80.313104
search: top   = -19.906670
tree: ((((KLLA0C01650g:0.296127,AFR696C:0.406962):0.042238,kwal_13225:0.393057):0.074698,(scas_g493.2:0.268962,(CAGL0K05709g:0.362491,((((YDR507C:0.071304,spar_5391:0.045102):0.033919,smik_5436:0.081832):0.063359,sbay_5766:0.081622):0.219604,(((spar_2358:0.077126,YCL024W:0.102426):0.057216,smik_2101:0.132288):0.121315,sbay_2536:0.171352):0.365601):0.034010):0.076789):0.063854):0.316703,((CGUG_04386:0.443808,CLUG_03892:0.481756):0.065419,(((orf19.4308:0.196504,CTRG_05974:0.185872):0.098254,(CPAG_02551:0.270162,LELG_04128:0.380034):0.088465):0.191978,DEHA0G14817g:0.421772):0.034874):0.316703);

search: iter 38
search: reject
search: lnl    = -71529.106550
search: seqlk  = -71544.453125
search: branch = 32.152278
search: top   = -16.805703
tree: (((AFR696C:0.412364,KLLA0C01650g:0.289149):0.085776,(scas_g493.2:0.271154,(CAGL0K05709g:0.356312,(((YDR507C:0.071265,spar_5391:0.045114):0.033814,smik_5436:0.081811):0.061210,sbay_5766:0.084280):0.210887):0.087525):0.093049):0.018254,((kwal_13225:0.397583,(((spar_2358:0.077732,YCL024W:0.101592):0.055742,smik_2101:0.134328):0.124574,sbay_2536:0.168168):0.348878):0.013684,(((DEHA0G14817g:0.398871,CGUG_04386:0.458210):0.063395,CLUG_03892:0.503433):0.085283,((orf19.4308:0.196810,CTRG_05974:0.185734):0.098745,(CPAG_02551:0.271199,LELG_04128:0.378720):0.089083):0.131789):0.629883):0.018254);

search: iter 39
search: reject
search: lnl    = -71475.832249
search: seqlk  = -71500.195312
search: branch = 40.004277
search: top   = -15.641214
tree: ((((spar_2358:0.077289,YCL024W:0.102053):0.055842,smik_2101:0.133872):0.123263,sbay_2536:0.169689):0.144837,((((AFR696C:0.405649,KLLA0C01650g:0.297099):0.042724,kwal_13225:0.389925):0.104000,(scas_g493.2:0.273093,(CAGL0K05709g:0.354884,(((YDR507C:0.071267,spar_5391:0.045102):0.033813,smik_5436:0.081883):0.061664,sbay_5766:0.083574):0.212721):0.084800):0.059473):0.076765,((CLUG_03892:0.502797,(DEHA0G14817g:0.397126,CGUG_04386:0.459944):0.065191):0.088251,((orf19.4308:0.196974,CTRG_05974:0.185687):0.098767,(CPAG_02551:0.270962,LELG_04128:0.379119):0.088507):0.127468):0.587213):0.144837);

search: iter 40
search: reject
search: lnl    = -72021.439402
search: seqlk  = -72053.687500
search: branch = 56.802482
search: top   = -24.554383
tree: ((((CLUG_03892:0.501895,DEHA0G14817g:0.400744):0.070295,((orf19.4308:0.196245,CTRG_05974:0.186440):0.100244,(CPAG_02551:0.270227,LELG_04128:0.379945):0.087323):0.178421):0.214744,kwal_13225:0.603304):0.006083,(CGUG_04386:0.496749,((AFR696C:0.427018,KLLA0C01650g:0.275145):0.065065,((CAGL0K05709g:0.361207,((((spar_2358:0.076911,YCL024W:0.102591):0.057588,smik_2101:0.131835):0.120179,sbay_2536:0.171900):0.361842,(((YDR507C:0.071544,spar_5391:0.044837):0.034106,smik_5436:0.081665):0.064081,sbay_5766:0.080959):0.220880):0.035955):0.085045,scas_g493.2:0.254434):0.089552):0.340387):0.006083);

search: iter 41
search: reject
search: lnl    = -71481.690185
search: seqlk  = -71534.890625
search: branch = 71.631619
search: top   = -18.431179
tree: (((DEHA0G14817g:0.399145,CGUG_04386:0.457608):0.082753,(((AFR696C:0.407581,KLLA0C01650g:0.295709):0.041464,kwal_13225:0.392967):0.075961,(scas_g493.2:0.268861,(CAGL0K05709g:0.363661,((((YDR507C:0.071299,spar_5391:0.045103):0.033951,smik_5436:0.081782):0.063410,sbay_5766:0.081373):0.219657,(((spar_2358:0.077131,YCL024W:0.102463):0.057156,smik_2101:0.132337):0.121487,sbay_2536:0.171151):0.365579):0.033515):0.076888):0.062669):0.638996):0.000915,(((orf19.4308:0.196280,CTRG_05974:0.186466):0.097020,(CPAG_02551:0.270322,LELG_04128:0.379993):0.090466):0.189641,CLUG_03892:0.517066):0.000915);

search: iter 42
search: reject
search: lnl    = -71486.901046
search: seqlk  = -71533.914062
search: branch = 66.919687
search: top   = -19.906670
tree: (((scas_g493.2:0.270843,(((sbay_2536:0.171456,(smik_2101:0.132404,(YCL024W:0.102406,spar_2358:0.077145):0.057042):0.120950):0.365850,(sbay_5766:0.081962,(smik_5436:0.081898,(spar_5391:0.045110,YDR507C:0.071356):0.033784):0.063181):0.220103):0.033600,CAGL0K05709g:0.362314):0.075676):0.063008,(kwal_13225:0.392411,(KLLA0C01650g:0.295937,AFR696C:0.407077):0.042883):0.074670):0.318560,(DEHA0G14817g:0.413579,(((LELG_04128:0.379943,CPAG_02551:0.270363):0.088466,(CTRG_05974:0.185712,orf19.4308:0.196280):0.098354):0.194796,(CLUG_03892:0.482873,CGUG_04386:0.443313):0.089372):0.015534):0.318560);

search: iter 43
search: reject
search: lnl    = -71467.429802
search: seqlk  = -71544.460938
search: branch = 94.566801
search: top   = -17.535666
tree: ((((AFR696C:0.413583,KLLA0C01650g:0.289607):0.085069,(scas_g493.2:0.271215,(CAGL0K05709g:0.356343,(((YDR507C:0.071241,spar_5391:0.045122):0.033802,smik_5436:0.081819):0.061313,sbay_5766:0.084024):0.210926):0.087542):0.092120):0.034985,(kwal_13225:0.398644,(((spar_2358:0.077577,YCL024W:0.101727):0.055704,smik_2101:0.134142):0.124990,sbay_2536:0.167705):0.349842):0.014957):0.316563,((CLUG_03892:0.505017,(CGUG_04386:0.458577,DEHA0G14817g:0.399659):0.063371):0.087208,((orf19.4308:0.196568,CTRG_05974:0.185916):0.098830,(CPAG_02551:0.271306,LELG_04128:0.378851):0.088445):0.128371):0.316563);

search: iter 44
search: accept
search: lnl    = -68185.651078
search: seqlk  = -71847.882812
search: branch = 3730.367975
search: top   = -68.136241
tree: ((kwal_13225:0.351206,(((((sbay_2536:0.173522,(smik_2101:0.133244,(YCL024W:0.102361,spar_2358:0.077244):0.056074):0.120052):0.336686,CAGL0K05709g:0.335993):0.062851,((sbay_5766:0.091701,scas_g493.2:0.491749):0.003022,(smik_5436:0.080968,(spar_5391:0.044558,YDR507C:0.071574):0.034181):0.062584):0.213394):0.141793,KLLA0C01650g:0.307308):0.073509,AFR696C:0.390684):0.008140):0.321164,(CLUG_03892:0.439762,(CGUG_04386:0.450778,(DEHA0G14817g:0.412556,((LELG_04128:0.379856,CPAG_02551:0.270565):0.088608,(CTRG_05974:0.185069,orf19.4308:0.197089):0.098068):0.201414):0.071332):0.069173):0.321164);

search: dups = 6
search: loss = 20
       /-------- kwal_13225                
       |                                   
       |              /---- sbay_2536      
       |       /------+                    
       |       |      |  /--- smik_2101    
       |       |      \--+                 
       |     /-+         | /--- YCL024W    
       |     | |         \-+               
       |     | |           \-- spar_2358   
       |     | |                           
/------+  /--+ \------- CAGL0K05709g       
|      |  |  |                             
|      |  |  |     /-- sbay_5766           
|      |  |  |    /+                       
|      |  |  |    |\---------- scas_g493.2 
|      |  |  \----+                        
|      |/-+       | /-- smik_5436          
|      || |       \-+                      
|      || |         |/- spar_5391          
+      || |         \+                     
|      \+ |          \-- YDR507C           
|       | |                                
|       | \------- KLLA0C01650g            
|       |                                  
|       \-------- AFR696C                  
|                                          
|      /--------- CLUG_03892               
|      |                                   
\------+ /---------- CGUG_04386            
       | |                                 
       \-+ /--------- DEHA0G14817g         
         | |                               
         \-+      /-------- LELG_04128     
           |    /-+                        
           |    | \------ CPAG_02551       
           \----+                          
                | /---- CTRG_05974         
                \-+                        
                  \---- orf19.4308         
                                           
search: iter 45
search: reject
search: lnl    = -71905.773689
search: seqlk  = -71847.882812
search: branch = 8.822254
search: top   = -66.713130
tree: (kwal_13225:0.175100,((AFR696C:0.390801,(KLLA0C01650g:0.307723,((((YDR507C:0.071574,spar_5391:0.044558):0.033981,smik_5436:0.080968):0.062935,(scas_g493.2:0.491707,sbay_5766:0.091502):0.003022):0.213418,(CAGL0K05709g:0.335033,(((spar_2358:0.077259,YCL024W:0.102346):0.056020,smik_2101:0.133275):0.120052,sbay_2536:0.173522):0.336686):0.062943):0.141761):0.073454):0.008777,(((((orf19.4308:0.197118,CTRG_05974:0.185178):0.098014,(CPAG_02551:0.270613,LELG_04128:0.379809):0.088647):0.201035,DEHA0G14817g:0.412654):0.071334,CGUG_04386:0.451014):0.068464,CLUG_03892:0.441920):0.639832):0.175100);

search: iter 46
search: reject
search: lnl    = -72473.092263
search: seqlk  = -72483.570312
search: branch = 31.912901
search: top   = -21.434852
tree: (((((KLLA0C01650g:0.316919,AFR696C:0.383358):0.038512,kwal_13225:0.381137):0.045864,(((spar_2358:0.077488,YCL024W:0.101895):0.054508,smik_2101:0.135906):0.127405,sbay_2536:0.165472):0.345859):0.104806,(CGUG_04386:0.445916,CLUG_03892:0.455635):0.438270):0.149225,((((orf19.4308:0.196579,CTRG_05974:0.185053):0.104546,(CPAG_02551:0.270050,LELG_04128:0.378534):0.076814):0.144063,DEHA0G14817g:0.431515):0.499751,(scas_g493.2:0.252552,(CAGL0K05709g:0.348856,(((YDR507C:0.071449,spar_5391:0.044968):0.034008,smik_5436:0.081852):0.060440,sbay_5766:0.084691):0.218030):0.079554):0.042154):0.149225);

search: iter 47
search: reject
search: lnl    = -71480.217053
search: seqlk  = -72672.000000
search: branch = 1202.052251
search: top   = -10.269304
tree: (((CLUG_03892:0.503618,(CGUG_04386:0.457394,DEHA0G14817g:0.400015):0.061498):0.086226,((LELG_04128:0.379549,CPAG_02551:0.270880):0.087890,(CTRG_05974:0.186632,orf19.4308:0.196053):0.099089):0.132168):0.311985,((kwal_13225:0.394767,(KLLA0C01650g:0.292527,AFR696C:0.410970):0.039507):0.076797,((CAGL0K05709g:0.354691,((sbay_2536:0.632117,(smik_5436:0.081965,(spar_5391:0.045712,YDR507C:0.070622):0.032659):0.070256):0.006293,((smik_2101:0.112139,(YCL024W:0.103228,spar_2358:0.076423):0.070625):0.559809,sbay_5766:0.089907):0.004048):0.209227):0.088181,scas_g493.2:0.264276):0.063399):0.311985);

search: iter 48
search: accept
search: lnl    = 14264.991327
search: seqlk  = -71869.726562
search: branch = 86202.854130
search: top   = -68.136241
tree: ((((((orf19.4308:0.196831,CTRG_05974:0.185626):0.098140,(CPAG_02551:0.270950,LELG_04128:0.379538):0.088666):0.199675,DEHA0G14817g:0.413944):0.069218,CGUG_04386:0.452875):0.063652,CLUG_03892:0.448824):0.317643,((KLLA0C01650g:0.327580,(AFR696C:0.417693,((((YDR507C:0.071512,spar_5391:0.044638):0.033789,smik_5436:0.081257):0.059252,(scas_g493.2:0.493151,sbay_5766:0.085319):0.014076):0.213854,(CAGL0K05709g:0.334899,(((spar_2358:0.077273,YCL024W:0.102386):0.055942,smik_2101:0.133143):0.122205,sbay_2536:0.171611):0.338841):0.063333):0.155094):0.012802):0.029024,kwal_13225:0.361536):0.317643);

search: dups = 6
search: loss = 20
                 /---- orf19.4308          
               /-+                         
               | \---- CTRG_05974          
           /---+                           
           |   | /------ CPAG_02551        
         /-+   \-+                         
         | |     \-------- LELG_04128      
       /-+ |                               
       | | \--------- DEHA0G14817g         
/------+ |                                 
|      | \---------- CGUG_04386            
|      |                                   
|      \--------- CLUG_03892               
|                                          
|       /------- KLLA0C01650g              
|       |                                  
|       |/--------- AFR696C                
|      /+|                                 
+      |||           /-- YDR507C           
|      |||          /+                     
|      |||        /-+\- spar_5391          
|      |\+        | |                      
|      | |   /----+ \-- smik_5436          
|      | |   |    |                        
|      | |   |    |/---------- scas_g493.2 
|      | |   |    \+                       
|      | \---+     \-- sbay_5766           
\------+     |                             
       |     | /------- CAGL0K05709g       
       |     | |                           
       |     | |           /-- spar_2358   
       |     \-+         /-+               
       |       |      /--+ \--- YCL024W    
       |       |      |  |                 
       |       \------+  \--- smik_2101    
       |              |                    
       |              \---- sbay_2536      
       |                                   
       \-------- kwal_13225                
                                           
search: iter 49
search: reject
search: lnl    = -54952.912252
search: seqlk  = -71864.375000
search: branch = 16979.598989
search: top   = -68.136241
tree: ((((((orf19.4308:0.196831,CTRG_05974:0.185626):0.097863,(CPAG_02551:0.270950,LELG_04128:0.379772):0.088649):0.199613,DEHA0G14817g:0.413944):0.069244,CGUG_04386:0.453095):0.064646,CLUG_03892:0.447139):0.317620,((KLLA0C01650g:0.326928,(AFR696C:0.416978,((sbay_5766:0.091051,(scas_g493.2:0.492495,((YDR507C:0.071595,spar_5391:0.044591):0.034117,smik_5436:0.081060):0.063326):0.002480):0.213357,(CAGL0K05709g:0.335607,(((spar_2358:0.077311,YCL024W:0.102305):0.055851,smik_2101:0.133550):0.121825,sbay_2536:0.171589):0.338019):0.063213):0.155610):0.012929):0.027332,kwal_13225:0.363168):0.317620);

search: iter 50
search: reject
search: lnl    = -72666.845609
search: seqlk  = -72681.726562
search: branch = 38.033667
search: top   = -23.152713
tree: (((((orf19.4308:0.195475,CTRG_05974:0.187879):0.098253,(CPAG_02551:0.269430,LELG_04128:0.380568):0.088885):0.155989,(CLUG_03892:0.471651,CGUG_04386:0.450916):0.087454):0.427642,(AFR696C:0.473591,(((((spar_2358:0.077200,YCL024W:0.102251):0.055974,smik_2101:0.134033):0.127208,sbay_2536:0.165544):0.329030,CAGL0K05709g:0.351272):0.071869,scas_g493.2:0.268964):0.007530):0.189729):0.122929,(DEHA0G14817g:0.763460,((((YDR507C:0.071139,spar_5391:0.045238):0.034471,smik_5436:0.080627):0.056662,sbay_5766:0.088221):0.262419,(KLLA0C01650g:0.312393,kwal_13225:0.390778):0.039200):0.121369):0.122929);

search: iter 51
search: reject
search: lnl    = -72630.029541
search: seqlk  = -72637.804688
search: branch = 27.369782
search: top   = -19.594636
tree: (((((sbay_2536:0.176910,(smik_2101:0.133266,(YCL024W:0.102724,spar_2358:0.076694):0.056804):0.115499):0.333041,CAGL0K05709g:0.342563):0.061798,scas_g493.2:0.248582):0.020473,(CLUG_03892:0.429601,(DEHA0G14817g:0.403991,CGUG_04386:0.450688):0.079010):0.516424):0.170835,(((LELG_04128:0.379284,CPAG_02551:0.267507):0.064657,(CTRG_05974:0.187920,orf19.4308:0.194941):0.103291):0.559270,((kwal_13225:0.365861,(AFR696C:0.402792,KLLA0C01650g:0.297850):0.057035):0.090528,(sbay_5766:0.084497,(smik_5436:0.080991,(spar_5391:0.044971,YDR507C:0.071355):0.034547):0.060332):0.231033):0.137271):0.170835);

search: iter 52
search: reject
search: lnl    = -73219.567923
search: seqlk  = -73142.812500
search: branch = 11.932598
search: top   = -88.688021
tree: ((CLUG_03892:0.447527,(CGUG_04386:0.456088,(DEHA0G14817g:0.417039,((LELG_04128:0.379682,CPAG_02551:0.270580):0.089821,(CTRG_05974:0.184653,orf19.4308:0.197541):0.096918):0.195710):0.065174):0.063792):0.306399,(kwal_13225:0.426718,(smik_5436:0.026188,(((((sbay_2536:0.178290,(smik_2101:0.131589,(YCL024W:0.103027,spar_2358:0.076636):0.057706):0.114208):0.349720,CAGL0K05709g:0.327942):0.229533,((sbay_5766:0.103556,scas_g493.2:0.494542):0.020755,(spar_5391:0.046879,YDR507C:0.068958):0.054202):0.005962):0.023846,AFR696C:0.678597):0.170835,KLLA0C01650g:0.528667):0.170835):0.233799):0.306399);

search: iter 53
search: reject
search: lnl    = -71593.904039
search: seqlk  = -71607.484375
search: branch = 30.386039
search: top   = -16.805703
tree: (((((YDR507C:0.071221,spar_5391:0.045130):0.034428,smik_5436:0.080957):0.060537,sbay_5766:0.084642):0.251886,kwal_13225:0.429230):0.016603,((((orf19.4308:0.196622,CTRG_05974:0.185963):0.099570,(CPAG_02551:0.271263,LELG_04128:0.378953):0.087475):0.128770,(CLUG_03892:0.504424,(DEHA0G14817g:0.398361,CGUG_04386:0.459057):0.061766):0.088560):0.657937,(((CAGL0K05709g:0.343384,(((spar_2358:0.077080,YCL024W:0.102422):0.056814,smik_2101:0.132577):0.121572,sbay_2536:0.171707):0.334251):0.073944,scas_g493.2:0.278794):0.064230,(AFR696C:0.415624,KLLA0C01650g:0.285884):0.115632):0.008444):0.016603);

search: iter 54
search: reject
search: lnl    = -71922.969872
search: seqlk  = -71865.218750
search: branch = 8.962008
search: top   = -66.713130
tree: (kwal_13225:0.183345,((KLLA0C01650g:0.326777,(AFR696C:0.417200,((((YDR507C:0.071555,spar_5391:0.044627):0.034016,smik_5436:0.081138):0.063629,(scas_g493.2:0.492686,sbay_5766:0.090901):0.002691):0.213659,(CAGL0K05709g:0.335460,(((spar_2358:0.077300,YCL024W:0.102317):0.055863,smik_2101:0.133525):0.121422,sbay_2536:0.172116):0.338256):0.063195):0.155768):0.012529):0.025661,(((((orf19.4308:0.197109,CTRG_05974:0.185182):0.097796,(CPAG_02551:0.270556,LELG_04128:0.379864):0.088876):0.199708,DEHA0G14817g:0.413839):0.069191,CGUG_04386:0.453224):0.065128,CLUG_03892:0.446543):0.636577):0.183345);

search: iter 55
search: reject
search: lnl    = -71803.825627
search: seqlk  = -71865.218750
search: branch = 128.086857
search: top   = -66.693734
tree: (CLUG_03892:0.222917,((kwal_13225:0.364739,(((((sbay_2536:0.172114,(smik_2101:0.133533,(YCL024W:0.102314,spar_2358:0.077300):0.055857):0.121444):0.338231,CAGL0K05709g:0.335426):0.063114,((sbay_5766:0.090894,scas_g493.2:0.492642):0.002691,(smik_5436:0.081141,(spar_5391:0.044642,YDR507C:0.071538):0.034020):0.063618):0.213771):0.155231,AFR696C:0.417602):0.012765,KLLA0C01650g:0.326638):0.026491):0.635100,(CGUG_04386:0.453197,(DEHA0G14817g:0.413837,((LELG_04128:0.379864,CPAG_02551:0.270553):0.088862,(CTRG_05974:0.185176,orf19.4308:0.197113):0.097813):0.199711):0.069296):0.065991):0.222917);

search: iter 56
search: reject
search: lnl    = -71491.820377
search: seqlk  = -71528.218750
search: branch = 54.829552
search: top   = -18.431179
tree: ((CLUG_03892:0.456045,((scas_g493.2:0.268721,(((sbay_5766:0.081589,(smik_5436:0.081791,(spar_5391:0.045080,YDR507C:0.071322):0.033972):0.063285):0.219693,(sbay_2536:0.171024,(smik_2101:0.132363,(YCL024W:0.102425,spar_2358:0.077130):0.057169):0.121664):0.365977):0.032640,CAGL0K05709g:0.363546):0.077967):0.062710,(kwal_13225:0.395613,(AFR696C:0.406892,KLLA0C01650g:0.296171):0.039836):0.075457):0.598278):0.038065,((CGUG_04386:0.458448,DEHA0G14817g:0.398507):0.078509,((LELG_04128:0.379792,CPAG_02551:0.270867):0.089931,(CTRG_05974:0.185979,orf19.4308:0.196598):0.097758):0.183232):0.038065);

search: iter 57
search: reject
search: lnl    = -71511.618758
search: seqlk  = -71535.382812
search: branch = 42.524799
search: top   = -18.760745
tree: ((AFR696C:0.412311,KLLA0C01650g:0.290731):0.027885,((((DEHA0G14817g:0.399720,CGUG_04386:0.457298):0.061001,CLUG_03892:0.504674):0.085770,((LELG_04128:0.379549,CPAG_02551:0.270899):0.088385,(CTRG_05974:0.186567,orf19.4308:0.196090):0.098924):0.132509):0.646148,((scas_g493.2:0.268734,(((sbay_2536:0.171554,(smik_2101:0.132447,(YCL024W:0.102389,spar_2358:0.077162):0.057002):0.120762):0.365639,(sbay_5766:0.082078,(smik_5436:0.081856,(spar_5391:0.045131,YDR507C:0.071254):0.033849):0.063195):0.219799):0.032241,CAGL0K05709g:0.364198):0.077782):0.112941,kwal_13225:0.402587):0.004657):0.027885);

search: iter 58
search: reject
search: lnl    = -72656.026284
search: seqlk  = -72672.515625
search: branch = 32.695645
search: top   = -16.206304
tree: (((scas_g493.2:0.264363,(((((YDR507C:0.070624,spar_5391:0.045691):0.032616,smik_5436:0.082031):0.069280,((spar_2358:0.076371,YCL024W:0.103268):0.070182,smik_2101:0.112640):0.560994):0.006037,(sbay_5766:0.086936,sbay_2536:0.631765):0.007985):0.208807,CAGL0K05709g:0.354488):0.088389):0.063547,((KLLA0C01650g:0.291792,AFR696C:0.411494):0.039982,kwal_13225:0.394115):0.076025):0.312019,(((orf19.4308:0.196090,CTRG_05974:0.186734):0.099118,(CPAG_02551:0.270999,LELG_04128:0.379384):0.087918):0.133156,((DEHA0G14817g:0.400160,CGUG_04386:0.457221):0.061271,CLUG_03892:0.503934):0.084798):0.312019);

search: iter 59
search: reject
search: lnl    = -71472.581600
search: seqlk  = -71500.187500
search: branch = 43.977077
search: top   = -16.371177
tree: ((((CGUG_04386:0.459941,DEHA0G14817g:0.397094):0.065297,CLUG_03892:0.502490):0.086764,((orf19.4308:0.197019,CTRG_05974:0.185568):0.098731,(CPAG_02551:0.271024,LELG_04128:0.379035):0.088576):0.128553):0.292890,(((scas_g493.2:0.272918,(CAGL0K05709g:0.354876,(((YDR507C:0.071268,spar_5391:0.045101):0.033812,smik_5436:0.081883):0.061591,sbay_5766:0.083684):0.212662):0.084771):0.060060,(kwal_13225:0.389832,(AFR696C:0.405658,KLLA0C01650g:0.297107):0.042793):0.103620):0.078384,(((spar_2358:0.077285,YCL024W:0.102051):0.055832,smik_2101:0.134059):0.122337,sbay_2536:0.170226):0.288538):0.292890);

search: iter 60
search: reject
search: lnl    = -63710.472185
search: seqlk  = -73038.062500
search: branch = 9412.631991
search: top   = -85.041676
tree: (((KLLA0C01650g:0.318694,(AFR696C:0.403221,(((YDR507C:0.071561,smik_5436:0.092523):0.061591,(scas_g493.2:0.502732,sbay_5766:0.089537):0.039753):0.212662,(CAGL0K05709g:0.590638,((((spar_2358:0.076278,YCL024W:0.103413):0.058788,smik_2101:0.130937):0.103431,sbay_2536:0.187107):0.602141,spar_5391:0.001581):0.033812):0.084771):0.343987):0.024257):0.035938,kwal_13225:0.352773):0.321561,(((((orf19.4308:0.196893,CTRG_05974:0.185394):0.097610,(CPAG_02551:0.271277,LELG_04128:0.379344):0.088860):0.199381,DEHA0G14817g:0.413913):0.075169,CGUG_04386:0.447172):0.064043,CLUG_03892:0.445235):0.321561);

search: iter 61
search: reject
search: lnl    = -72593.838254
search: seqlk  = -72496.625000
search: branch = -2.750336
search: top   = -94.462919
tree: ((KLLA0C01650g:0.325945,(AFR696C:0.420089,((((YDR507C:0.071561,spar_5391:0.044755):0.034048,smik_5436:0.080733):0.063531,(scas_g493.2:0.493098,sbay_5766:0.091065):0.002377):0.219828,(CAGL0K05709g:0.338921,((((spar_2358:0.077488,YCL024W:0.102160):0.055447,smik_2101:0.134619):0.123799,CLUG_03892:1.082503):0.000558,sbay_2536:0.177678):0.328420):0.058474):0.148951):0.014892):0.015193,(((((orf19.4308:0.196314,CTRG_05974:0.185387):0.102141,(CPAG_02551:0.272396,LELG_04128:0.376777):0.082408):0.193495,DEHA0G14817g:0.405015):0.065926,CGUG_04386:0.429007):0.613925,kwal_13225:0.359159):0.015193);

search: iter 62
search: reject
search: lnl    = -3563.049732
search: seqlk  = -71886.554688
search: branch = 68401.281022
search: top   = -77.776067
tree: (((((((orf19.4308:0.196063,CTRG_05974:0.186440):0.128299,CPAG_02551:0.297298):0.058664,LELG_04128:0.370126):0.187633,DEHA0G14817g:0.412089):0.068593,CGUG_04386:0.452982):0.065960,CLUG_03892:0.447809):0.315523,((KLLA0C01650g:0.327444,(AFR696C:0.416714,((((YDR507C:0.071548,spar_5391:0.044635):0.033994,smik_5436:0.081164):0.063798,(scas_g493.2:0.492644,sbay_5766:0.090970):0.002377):0.213316,(CAGL0K05709g:0.335348,(((spar_2358:0.077305,YCL024W:0.102312):0.055888,smik_2101:0.133531):0.121630,sbay_2536:0.171828):0.338319):0.063516):0.155905):0.012569):0.027659,kwal_13225:0.363885):0.315523);

search: iter 63
search: reject
search: lnl    = -72318.795805
search: seqlk  = -72664.773438
search: branch = 363.040426
search: top   = -17.062793
tree: (((scas_g493.2:0.264016,((((sbay_5766:0.085304,sbay_2536:0.628382):0.003081,(smik_2101:0.112918,(YCL024W:0.103313,spar_2358:0.076355):0.070270):0.557504):0.015318,(smik_5436:0.081958,(spar_5391:0.045697,YDR507C:0.070606):0.032683):0.065475):0.206817,CAGL0K05709g:0.354274):0.088454):0.062641,(kwal_13225:0.394049,(KLLA0C01650g:0.292405,AFR696C:0.411150):0.039893):0.077610):0.312079,((CLUG_03892:0.503669,(CGUG_04386:0.457408,DEHA0G14817g:0.400025):0.061512):0.086779,((LELG_04128:0.379504,CPAG_02551:0.270920):0.087945,(CTRG_05974:0.186670,orf19.4308:0.196009):0.099009):0.131612):0.312079);

search: iter 64
search: reject
search: lnl    = -71764.362148
search: seqlk  = -71796.679688
search: branch = 50.406578
search: top   = -18.089038
tree: ((((orf19.4308:0.196628,CTRG_05974:0.185817):0.098706,(CPAG_02551:0.270925,LELG_04128:0.379404):0.087886):0.127585,((CGUG_04386:0.459190,DEHA0G14817g:0.397966):0.061457,CLUG_03892:0.504654):0.089955):0.293858,(((((YDR507C:0.071556,spar_5391:0.044843):0.034565,smik_5436:0.080357):0.056493,sbay_5766:0.088922):0.228857,KLLA0C01650g:0.328891):0.171029,((AFR696C:0.365424,kwal_13225:0.352041):0.141427,(scas_g493.2:0.275753,(CAGL0K05709g:0.348384,(((spar_2358:0.077135,YCL024W:0.102315):0.056350,smik_2101:0.133364):0.123701,sbay_2536:0.169342):0.330499):0.069389):0.019858):0.171032):0.293858);

search: iter 65
search: reject
search: lnl    = -71559.834723
search: seqlk  = -71578.054688
search: branch = 35.025667
search: top   = -16.805703
tree: (((((orf19.4308:0.196628,CTRG_05974:0.186047):0.099198,(CPAG_02551:0.271208,LELG_04128:0.379059):0.087806):0.127334,((DEHA0G14817g:0.398390,CGUG_04386:0.458967):0.062459,CLUG_03892:0.504447):0.089740):0.648233,(kwal_13225:0.434544,((((YDR507C:0.071091,spar_5391:0.045265):0.033771,smik_5436:0.081742):0.061371,sbay_5766:0.084136):0.209387,CAGL0K05709g:0.357304):0.100922):0.023018):0.006599,((scas_g493.2:0.260375,(((spar_2358:0.077246,YCL024W:0.102077):0.056433,smik_2101:0.133141):0.120594,sbay_2536:0.171524):0.357481):0.066298,(KLLA0C01650g:0.288578,AFR696C:0.413703):0.104640):0.006599);

search: iter 66
search: accept
search: lnl    = 2300363.451000
search: seqlk  = -72651.765625
search: branch = 2373100.384059
search: top   = -85.167434
tree: ((((((orf19.4308:0.197583,CTRG_05974:0.184622):0.097794,(CPAG_02551:0.270803,LELG_04128:0.379363):0.088992):0.200107,DEHA0G14817g:0.413565):0.065592,CGUG_04386:0.456538):0.059727,CLUG_03892:0.454013):0.313715,(((KLLA0C01650g:0.385961,(AFR696C:0.454139,((((YDR507C:0.071863,spar_5391:0.044315):0.033664,smik_5436:0.081424):0.063991,(scas_g493.2:0.495325,sbay_5766:0.089078):0.003187):0.271040,(CAGL0K05709g:0.394377,((spar_2358:0.077357,YCL024W:0.101913):0.058850,smik_2101:0.125670):0.339613):0.025874):0.082387):0.023018):0.002865,sbay_2536:0.415920):0.054788,kwal_13225:0.382916):0.313715);

search: dups = 7
search: loss = 25
                  /---- orf19.4308          
                /-+                         
                | \---- CTRG_05974          
           /----+                           
           |    | /------ CPAG_02551        
         /-+    \-+                         
         | |      \-------- LELG_04128      
       /-+ |                                
       | | \--------- DEHA0G14817g          
/------+ |                                  
|      | \---------- CGUG_04386             
|      |                                    
|      \---------- CLUG_03892               
|                                           
|         /-------- KLLA0C01650g            
|         |                                 
|         |/---------- AFR696C              
|        /+|                                
|        |||          /-- YDR507C           
|        |||         /+                     
+        |||       /-+\- spar_5391          
|        |\+       | |                      
|        | | /-----+ \-- smik_5436          
|        | | |     |                        
|        | | |     |/---------- scas_g493.2 
|        | | |     \+                       
|      /-+ \-+      \-- sbay_5766           
|      | |   |                              
|      | |   |/-------- CAGL0K05709g        
|      | |   ||                             
|      | |   \+        /-- spar_2358        
|      | |    |      /-+                    
\------+ |    \------+ \--- YCL024W         
       | |           |                      
       | |           \--- smik_2101         
       | |                                  
       | \--------- sbay_2536               
       |                                    
       \-------- kwal_13225                 
                                            
search: iter 67
search: reject
search: lnl    = -72363.548087
search: seqlk  = -72375.687500
search: branch = 32.848133
search: top   = -20.708720
tree: (((((orf19.4308:0.192254,CTRG_05974:0.190557):0.092118,(CPAG_02551:0.267431,LELG_04128:0.381867):0.089494):0.184770,CLUG_03892:0.493234):0.423166,(((YDR507C:0.071436,spar_5391:0.045018):0.035011,smik_5436:0.080892):0.059246,sbay_5766:0.084605):0.251683):0.012755,(((scas_g493.2:0.277959,(CAGL0K05709g:0.340671,(sbay_2536:0.173025,((spar_2358:0.077021,YCL024W:0.102428):0.056700,smik_2101:0.133165):0.120172):0.337040):0.075017):0.045688,(kwal_13225:0.388659,(AFR696C:0.404585,KLLA0C01650g:0.298309):0.045994):0.123284):0.071001,(CGUG_04386:0.441211,DEHA0G14817g:0.396591):0.474887):0.012755);

search: iter 68
search: reject
search: lnl    = -74044.988560
search: seqlk  = -74007.492188
search: branch = -21.855159
search: top   = -15.641214
tree: ((((((YDR507C:0.070535,spar_5391:0.045550):0.040426,smik_5436:0.069237):0.206651,sbay_2536:0.495591):0.006741,scas_g493.2:0.319397):0.165302,((KLLA0C01650g:0.296787,AFR696C:0.403453):0.055596,kwal_13225:0.375921):0.077671):0.166402,((((orf19.4308:0.197705,CTRG_05974:0.185018):0.097337,(CPAG_02551:0.270200,LELG_04128:0.379653):0.090089):0.125862,((CGUG_04386:0.462224,DEHA0G14817g:0.395166):0.061593,CLUG_03892:0.504575):0.089415):0.592195,(CAGL0K05709g:0.375350,(((spar_2358:0.076827,YCL024W:0.102920):0.073945,smik_2101:0.109425):0.435415,sbay_5766:0.193394):0.033443):0.202729):0.166402);

search: iter 69
search: reject
search: lnl    = -71661.329990
search: seqlk  = -71690.531250
search: branch = 47.290298
search: top   = -18.089038
tree: ((((sbay_2536:0.179827,(smik_2101:0.133974,(YCL024W:0.102535,spar_2358:0.076711):0.055521):0.111296):0.367051,KLLA0C01650g:0.230416):0.180005,((((sbay_5766:0.083818,(smik_5436:0.081911,(spar_5391:0.045059,YDR507C:0.071342):0.033872):0.061192):0.213492,CAGL0K05709g:0.352544):0.089297,scas_g493.2:0.268679):0.051504,(AFR696C:0.373090,kwal_13225:0.346045):0.117525):0.178183):0.283758,(((DEHA0G14817g:0.399034,CGUG_04386:0.458676):0.062534,CLUG_03892:0.504393):0.090235,((LELG_04128:0.379533,CPAG_02551:0.271231):0.088682,(CTRG_05974:0.186015,orf19.4308:0.196529):0.098281):0.127852):0.283758);

search: iter 70
search: reject
search: lnl    = -74321.708379
search: seqlk  = -74318.500000
search: branch = 27.639047
search: top   = -30.847426
tree: ((CLUG_03892:0.802439,((scas_g493.2:0.279373,(((smik_2101:0.130823,(YCL024W:0.103557,spar_2358:0.076160):0.057232):0.153888,(smik_5436:0.073442,(spar_5391:0.045467,YDR507C:0.070845):0.034566):0.452025):0.021650,sbay_2536:0.209291):0.264953):0.006126,(AFR696C:0.411605,KLLA0C01650g:0.287148):0.105905):0.156737):0.156740,((kwal_13225:0.458041,(sbay_5766:0.255780,CAGL0K05709g:0.367733):0.019803):0.102450,(((LELG_04128:0.377383,CPAG_02551:0.271252):0.080603,(CTRG_05974:0.185453,orf19.4308:0.196529):0.104064):0.131812,(DEHA0G14817g:0.384850,CGUG_04386:0.469309):0.096968):0.509091):0.156740);

search: iter 71
search: reject
search: lnl    = 481717.722164
search: seqlk  = -73003.906250
search: branch = 554823.895899
search: top   = -102.267484
tree: ((CLUG_03892:0.442202,(CGUG_04386:0.455561,(DEHA0G14817g:0.415308,((LELG_04128:0.379246,CPAG_02551:0.271061):0.088864,(CTRG_05974:0.184180,orf19.4308:0.198156):0.097903):0.200615):0.066166):0.068314):0.313160,(kwal_13225:0.394792,(sbay_2536:0.364127,(((((smik_2101:0.131456,CAGL0K05709g:0.666439):0.000772,(YCL024W:0.101375,spar_2358:0.078732):0.068400):0.283074,((sbay_5766:0.079590,scas_g493.2:0.500077):0.019803,(smik_5436:0.081379,(spar_5391:0.044264,YDR507C:0.071984):0.033396):0.058147):0.334709):0.030368,AFR696C:0.479562):0.010645,KLLA0C01650g:0.420170):0.002808):0.064341):0.313160);

search: iter 72
search: reject
search: lnl    = -73274.667169
search: seqlk  = -73269.601562
search: branch = 25.343463
search: top   = -30.409069
tree: (((sbay_2536:0.468965,((KLLA0C01650g:0.312009,AFR696C:0.390821):0.041117,kwal_13225:0.387432):0.101916):0.038933,(CLUG_03892:0.456052,CGUG_04386:0.448729):0.447922):0.002720,((((((smik_5436:0.081904,(spar_5391:0.045305,YDR507C:0.071069):0.033385):0.065525,(smik_2101:0.110524,(YCL024W:0.103312,spar_2358:0.076408):0.072249):0.590094):0.001479,sbay_5766:0.084924):0.210378,CAGL0K05709g:0.357437):0.082161,scas_g493.2:0.271096):0.098761,(DEHA0G14817g:0.431921,((LELG_04128:0.378023,CPAG_02551:0.270897):0.077592,(CTRG_05974:0.184995,orf19.4308:0.196941):0.104233):0.146516):0.478595):0.002720);

search: iter 73
search: reject
search: lnl    = -73240.883435
search: seqlk  = -73220.054688
search: branch = 9.489875
search: top   = -30.318623
tree: (((((((sbay_2536:0.635115,sbay_5766:0.082679):0.007617,((smik_2101:0.112057,(YCL024W:0.103320,spar_2358:0.076291):0.071285):0.564990,(smik_5436:0.082236,(spar_5391:0.045526,YDR507C:0.070944):0.032300):0.061157):0.020961):0.212503,CAGL0K05709g:0.350853):0.092555,scas_g493.2:0.261384):0.121449,AFR696C:0.432787):0.024284,((DEHA0G14817g:0.391785,CGUG_04386:0.461544):0.095089,((LELG_04128:0.377897,CPAG_02551:0.271193):0.081277,(CTRG_05974:0.186622,orf19.4308:0.195898):0.103888):0.136883):0.568342):0.006454,(CLUG_03892:0.878875,(kwal_13225:0.411104,KLLA0C01650g:0.303346):0.026797):0.006454);

search: iter 74
search: reject
search: lnl    = -72864.529853
search: seqlk  = -72881.179688
search: branch = 37.962332
search: top   = -21.312497
tree: ((((sbay_5766:0.089744,(smik_5436:0.080644,(spar_5391:0.045389,YDR507C:0.071004):0.034287):0.055146):0.266915,(kwal_13225:0.391987,KLLA0C01650g:0.308425):0.040015):0.132627,((LELG_04128:0.378734,CPAG_02551:0.268314):0.069511,(CTRG_05974:0.188705,orf19.4308:0.193754):0.098763):0.499755):0.177970,((CLUG_03892:0.435028,(CGUG_04386:0.444772,DEHA0G14817g:0.409174):0.077416):0.390960,(((CAGL0K05709g:0.350333,((smik_2101:0.133790,(YCL024W:0.102375,spar_2358:0.077029):0.056074):0.127054,sbay_2536:0.165255):0.328862):0.071682,scas_g493.2:0.267322):0.018838,AFR696C:0.459526):0.198251):0.177970);

search: iter 75
search: reject
search: lnl    = -72209.972951
search: seqlk  = -72250.046875
search: branch = 61.623602
search: top   = -21.549678
tree: ((((orf19.4308:0.192416,CTRG_05974:0.190297):0.100394,(CPAG_02551:0.266792,LELG_04128:0.380022):0.069309):0.536189,((CAGL0K05709g:0.358088,((((YDR507C:0.071290,spar_5391:0.045100):0.033936,smik_5436:0.081868):0.063097,sbay_5766:0.081781):0.221335,(sbay_2536:0.172210,((spar_2358:0.077180,YCL024W:0.102449):0.056932,smik_2101:0.132577):0.120121):0.365653):0.037789):0.079858,scas_g493.2:0.259892):0.108723):0.008422,(((KLLA0C01650g:0.295748,AFR696C:0.405965):0.042195,kwal_13225:0.387415):0.106962,((DEHA0G14817g:0.409735,CGUG_04386:0.444598):0.072559,CLUG_03892:0.441659):0.450791):0.008422);

search: iter 76
search: reject
search: lnl    = -72687.026092
search: seqlk  = -72686.039062
search: branch = 24.107281
search: top   = -25.094310
tree: (((CLUG_03892:0.483623,CGUG_04386:0.442586):0.088253,((LELG_04128:0.379724,CPAG_02551:0.270591):0.088063,(CTRG_05974:0.186219,orf19.4308:0.196176):0.098665):0.196202):0.006010,((((AFR696C:0.408627,KLLA0C01650g:0.294564):0.040906,kwal_13225:0.393607):0.073236,((((sbay_5766:0.086085,sbay_2536:0.632834):0.006918,((smik_2101:0.112356,(YCL024W:0.103296,spar_2358:0.076350):0.070520):0.561522,(smik_5436:0.082073,(spar_5391:0.045613,YDR507C:0.070697):0.032550):0.066954):0.010638):0.209547,CAGL0K05709g:0.354044):0.087010,scas_g493.2:0.265920):0.065955):0.641208,DEHA0G14817g:0.416053):0.006010);

search: iter 77
search: reject
search: lnl    = -71534.681023
search: seqlk  = -71551.242188
search: branch = 33.366867
search: top   = -16.805703
tree: (((scas_g493.2:0.273623,(CAGL0K05709g:0.356479,((smik_5436:0.081847,(spar_5391:0.045156,YDR507C:0.071212):0.033768):0.061292,sbay_5766:0.084099):0.210548):0.086183):0.095512,kwal_13225:0.424234):0.001020,((((LELG_04128:0.378993,CPAG_02551:0.271243):0.088465,(CTRG_05974:0.185818,orf19.4308:0.196813):0.098794):0.128945,(CLUG_03892:0.504546,(DEHA0G14817g:0.398786,CGUG_04386:0.458512):0.062712):0.088361):0.646076,((sbay_2536:0.168308,(smik_2101:0.134304,(YCL024W:0.101907,spar_2358:0.077403):0.055450):0.124230):0.369818,(AFR696C:0.409729,KLLA0C01650g:0.291918):0.082251):0.017890):0.001020);

search: iter 78
search: reject
search: lnl    = -72327.263731
search: seqlk  = -72669.726562
search: branch = 361.706353
search: top   = -19.243522
tree: ((((LELG_04128:0.379590,CPAG_02551:0.270729):0.088028,(CTRG_05974:0.186642,orf19.4308:0.196060):0.099057):0.132818,(CLUG_03892:0.503522,(CGUG_04386:0.457551,DEHA0G14817g:0.399983):0.061513):0.085368):0.311809,((kwal_13225:0.394158,(KLLA0C01650g:0.293094,AFR696C:0.409229):0.039404):0.078373,(((sbay_5766:0.091973,(((smik_2101:0.113329,(YCL024W:0.103268,spar_2358:0.076377):0.069691):0.558265,(smik_5436:0.082116,(spar_5391:0.045710,YDR507C:0.070620):0.032542):0.071999):0.004494,sbay_2536:0.630523):0.001767):0.210328,CAGL0K05709g:0.354531):0.087106,scas_g493.2:0.264730):0.062664):0.311809);

search: iter 79
search: reject
search: lnl    = -72292.464458
search: seqlk  = -72305.585938
search: branch = 34.556331
search: top   = -21.434852
tree: (((((KLLA0C01650g:0.297259,AFR696C:0.405304):0.045458,kwal_13225:0.389858):0.120910,(scas_g493.2:0.276184,(CAGL0K05709g:0.341178,(((spar_2358:0.077061,YCL024W:0.102422):0.056721,smik_2101:0.133201):0.119447,sbay_2536:0.173655):0.336765):0.076121):0.049141):0.071037,(CLUG_03892:0.447477,CGUG_04386:0.454948):0.455822):0.009704,((((orf19.4308:0.196502,CTRG_05974:0.185306):0.102488,(CPAG_02551:0.270210,LELG_04128:0.378621):0.078791):0.146971,DEHA0G14817g:0.430664):0.481540,(((YDR507C:0.071366,spar_5391:0.045103):0.035146,smik_5436:0.080785):0.058665,sbay_5766:0.085077):0.248661):0.009704);

search: iter 80
search: reject
search: lnl    = -72493.193129
search: seqlk  = -72532.812500
search: branch = 58.862892
search: top   = -19.243522
tree: ((((orf19.4308:0.196340,CTRG_05974:0.186365):0.099076,(CPAG_02551:0.270641,LELG_04128:0.379630):0.088160):0.129208,(CLUG_03892:0.503117,(CGUG_04386:0.457918,DEHA0G14817g:0.399244):0.062824):0.088402):0.312857,(((KLLA0C01650g:0.297494,AFR696C:0.405853):0.039607,kwal_13225:0.395045):0.080543,(scas_g493.2:0.270808,((sbay_2536:0.477482,((((YDR507C:0.070854,spar_5391:0.045509):0.032738,smik_5436:0.082259):0.061827,((spar_2358:0.076375,YCL024W:0.103292):0.072031,smik_2101:0.110638):0.576226):0.013594,sbay_5766:0.080896):0.199763):0.045709,CAGL0K05709g:0.363961):0.078146):0.059239):0.312857);

search: iter 81
search: reject
search: lnl    = -73520.348890
search: seqlk  = -73505.195312
search: branch = -0.678271
search: top   = -14.475307
tree: ((((KLLA0C01650g:0.291876,AFR696C:0.409204):0.058115,kwal_13225:0.370856):0.076498,(((CAGL0K05709g:0.432919,(((spar_2358:0.076539,YCL024W:0.103150):0.074282,smik_2101:0.108844):0.498717,sbay_5766:0.126955):0.047501):0.082317,scas_g493.2:0.358164):0.138791,(((YDR507C:0.070162,spar_5391:0.045898):0.034390,smik_5436:0.075597):0.070663,sbay_2536:0.588827):0.140795):0.123857):0.321238,(((orf19.4308:0.197054,CTRG_05974:0.185596):0.098804,(CPAG_02551:0.272063,LELG_04128:0.378524):0.087965):0.129645,((DEHA0G14817g:0.398773,CGUG_04386:0.458704):0.061063,CLUG_03892:0.505068):0.087093):0.321238);

search: iter 82
search: accept
search: lnl    = 4884354.352397
search: seqlk  = -72668.609375
search: branch = 4957117.769032
search: top   = -94.807259
tree: ((CLUG_03892:0.452928,(CGUG_04386:0.457329,(DEHA0G14817g:0.412076,(((CTRG_05974:0.186065,orf19.4308:0.196402):0.128110,CPAG_02551:0.297645):0.059085,LELG_04128:0.369736):0.187745):0.064520):0.062187):0.312781,(kwal_13225:0.385778,(sbay_2536:0.413601,(((((smik_2101:0.125344,(YCL024W:0.101847,spar_2358:0.077724):0.058915):0.336598,CAGL0K05709g:0.397494):0.024917,((sbay_5766:0.086596,scas_g493.2:0.495241):0.007983,(smik_5436:0.081411,(spar_5391:0.044372,YDR507C:0.071810):0.033589):0.062199):0.274101):0.087087,AFR696C:0.459785):0.004013,KLLA0C01650g:0.392107):0.006557):0.055232):0.312781);

search: dups = 8
search: loss = 28
       /---------- CLUG_03892               
       |                                    
/------+ /---------- CGUG_04386             
|      | |                                  
|      \-+ /--------- DEHA0G14817g          
|        | |                                
|        | |        /---- CTRG_05974        
|        \-+     /--+                       
|          |   /-+  \---- orf19.4308        
|          |   | |                          
+          \---+ \------ CPAG_02551         
|              |                            
|              \-------- LELG_04128         
|                                           
|      /-------- kwal_13225                 
|      |                                    
|      | /--------- sbay_2536               
|      | |                                  
|      | |           /--- smik_2101         
\------+ |    /------+                      
       | |    |      | /--- YCL024W         
       | |   /+      \-+                    
       | |   ||        \-- spar_2358        
       | |   ||                             
       | |   |\-------- CAGL0K05709g        
       \-+ /-+                              
         | | |      /-- sbay_5766           
         | | |     /+                       
         | | |     |\---------- scas_g493.2 
         | | \-----+                        
         |/+       | /-- smik_5436          
         |||       \-+                      
         |||         |/- spar_5391          
         |||         \+                     
         \+|          \-- YDR507C           
          ||                                
          |\---------- AFR696C              
          |                                 
          \-------- KLLA0C01650g            
                                            
search: iter 83
search: reject
search: lnl    = -73631.514280
search: seqlk  = -73600.085938
search: branch = -14.069268
search: top   = -17.359075
tree: (((((sbay_5766:0.212913,(smik_2101:0.117872,(YCL024W:0.102510,spar_2358:0.077123):0.065529):0.467353):0.010488,CAGL0K05709g:0.430768):0.001520,scas_g493.2:0.365504):0.057847,(kwal_13225:0.329881,AFR696C:0.387600):0.200991):0.009262,((((smik_5436:0.076407,(spar_5391:0.045876,YDR507C:0.070199):0.033280):0.107133,sbay_2536:0.543055):0.170518,KLLA0C01650g:0.403581):0.063961,((CLUG_03892:0.504955,(CGUG_04386:0.460714,DEHA0G14817g:0.396628):0.062165):0.088767,((CTRG_05974:0.184988,orf19.4308:0.197548):0.098518,(CPAG_02551:0.271303,LELG_04128:0.379088):0.088151):0.127885):0.693652):0.009262);

search: iter 84
search: reject
search: lnl    = -74194.659972
search: seqlk  = -74171.562500
search: branch = 5.569226
search: top   = -28.666698
tree: (((kwal_13225:0.492234,(smik_5436:0.065430,(spar_5391:0.046225,YDR507C:0.069826):0.043916):0.155321):0.085190,((CGUG_04386:0.466741,DEHA0G14817g:0.387206):0.102083,((CTRG_05974:0.185699,orf19.4308:0.196330):0.102795,(CPAG_02551:0.272529,LELG_04128:0.376257):0.081719):0.126207):0.580440):0.021060,(CLUG_03892:0.897953,((scas_g493.2:0.320697,(((smik_2101:0.120609,(YCL024W:0.102273,spar_2358:0.077331):0.063898):0.376562,(sbay_5766:0.217142,sbay_2536:0.425822):0.185961):0.023286,CAGL0K05709g:0.400870):0.041305):0.001431,(AFR696C:0.425496,KLLA0C01650g:0.274707):0.159725):0.117054):0.021060);

search: iter 85
search: reject
search: lnl    = -71496.267700
search: seqlk  = -71517.296875
search: branch = 36.670388
search: top   = -15.641214
tree: (((sbay_2536:0.171898,(smik_2101:0.133389,(YCL024W:0.102268,spar_2358:0.077121):0.056261):0.120444):0.358236,scas_g493.2:0.259684):0.012489,(((kwal_13225:0.388026,(AFR696C:0.407591,KLLA0C01650g:0.294720):0.046459):0.120868,(CAGL0K05709g:0.354998,(sbay_5766:0.083988,(smik_5436:0.081822,(spar_5391:0.045160,YDR507C:0.071201):0.033659):0.061547):0.212362):0.088532):0.033574,(((CTRG_05974:0.186126,orf19.4308:0.196582):0.100165,(CPAG_02551:0.271566,LELG_04128:0.379095):0.087001):0.124897,(CLUG_03892:0.503646,(DEHA0G14817g:0.396868,CGUG_04386:0.461047):0.064718):0.090573):0.635330):0.012489);

search: iter 86
search: reject
search: lnl    = -71488.280194
search: seqlk  = -71528.218750
search: branch = 59.119094
search: top   = -19.180538
tree: ((((((sbay_5766:0.081826,((YDR507C:0.071328,spar_5391:0.045064):0.033959,smik_5436:0.081772):0.062881):0.219288,(((spar_2358:0.077121,YCL024W:0.102268):0.057235,smik_2101:0.132112):0.122059,sbay_2536:0.170860):0.366524):0.032865,CAGL0K05709g:0.363420):0.078034,scas_g493.2:0.268831):0.062231,(kwal_13225:0.395318,(AFR696C:0.406994,KLLA0C01650g:0.296128):0.039891):0.076212):0.298745,((((orf19.4308:0.196633,CTRG_05974:0.185890):0.097888,(CPAG_02551:0.270640,LELG_04128:0.379835):0.089923):0.183457,(DEHA0G14817g:0.398514,CGUG_04386:0.458443):0.078620):0.077863,CLUG_03892:0.452953):0.298745);

search: iter 87
search: reject
search: lnl    = -73337.620541
search: seqlk  = -73481.250000
search: branch = 176.612879
search: top   = -32.983420
tree: (((KLLA0C01650g:0.307159,((CAGL0K05709g:0.355965,(((YDR507C:0.071137,spar_5391:0.045177):0.033424,smik_5436:0.081667):0.063107,(((spar_2358:0.076408,YCL024W:0.103319):0.074959,smik_2101:0.107675):0.591754,sbay_5766:0.080508):0.007930):0.210789):0.086812,scas_g493.2:0.259466):0.087461):0.031862,(CGUG_04386:0.451997,CLUG_03892:0.451209):0.472581):0.143826,((((LELG_04128:0.377097,CPAG_02551:0.272123):0.075492,(orf19.4308:0.197211,CTRG_05974:0.184627):0.106351):0.149868,DEHA0G14817g:0.426130):0.488094,(sbay_2536:0.435247,(AFR696C:0.352161,kwal_13225:0.352825):0.047949):0.097710):0.143826);

search: iter 88
search: reject
search: lnl    = -71558.311808
search: seqlk  = -71558.039062
search: branch = 17.086329
search: top   = -17.359075
tree: (((CAGL0K05709g:0.356257,(((YDR507C:0.071299,spar_5391:0.045039):0.033629,smik_5436:0.081882):0.061365,sbay_5766:0.084151):0.210695):0.112532,(kwal_13225:0.346880,AFR696C:0.372067):0.141041):0.014511,(((CLUG_03892:0.502754,(CGUG_04386:0.458040,DEHA0G14817g:0.398788):0.063537):0.089768,((LELG_04128:0.379382,CPAG_02551:0.270996):0.088329,(orf19.4308:0.196793,CTRG_05974:0.185829):0.098496):0.126309):0.649020,(KLLA0C01650g:0.346430,(scas_g493.2:0.259062,(sbay_2536:0.171814,((spar_2358:0.076952,YCL024W:0.102315):0.056478,smik_2101:0.133108):0.119953):0.358272):0.067121):0.000299):0.014511);

search: iter 89
search: reject
search: lnl    = -72262.146611
search: seqlk  = -72536.171875
search: branch = 297.474789
search: top   = -23.449524
tree: (((CLUG_03892:0.503704,(DEHA0G14817g:0.398574,CGUG_04386:0.458539):0.062706):0.091301,((CTRG_05974:0.186011,orf19.4308:0.196639):0.099388,(CPAG_02551:0.271355,LELG_04128:0.378838):0.087908):0.125526):0.314596,(((sbay_2536:0.480185,scas_g493.2:0.274164):0.030474,((sbay_5766:0.085015,((smik_2101:0.111510,(YCL024W:0.103217,spar_2358:0.076446):0.071244):0.585102,(smik_5436:0.082053,(spar_5391:0.045588,YDR507C:0.070714):0.033101):0.066729):0.001449):0.205634,CAGL0K05709g:0.361833):0.080932):0.061558,((AFR696C:0.402929,KLLA0C01650g:0.300184):0.043544,kwal_13225:0.389809):0.081386):0.314596);

search: iter 90
search: reject
search: lnl    = -73169.062779
search: seqlk  = -73159.812500
search: branch = 20.514972
search: top   = -29.765251
tree: ((kwal_13225:0.379536,CLUG_03892:0.743364):0.017723,(((KLLA0C01650g:0.282517,AFR696C:0.419460):0.059465,(scas_g493.2:0.259257,(CAGL0K05709g:0.353380,((((YDR507C:0.070693,spar_5391:0.045641):0.033032,smik_5436:0.081663):0.071427,((spar_2358:0.076418,YCL024W:0.103218):0.070126,smik_2101:0.112927):0.559691):0.005120,(sbay_5766:0.091358,sbay_2536:0.631238):0.002228):0.211028):0.092661):0.103717):0.139157,(((orf19.4308:0.195948,CTRG_05974:0.186300):0.104703,(CPAG_02551:0.271737,LELG_04128:0.377386):0.081046):0.148202,(CGUG_04386:0.461158,DEHA0G14817g:0.392206):0.087694):0.441168):0.017723);

search: iter 91
search: reject
search: lnl    = -73593.837561
search: seqlk  = -73582.476562
search: branch = 3.114309
search: top   = -14.475307
tree: ((((LELG_04128:0.378933,CPAG_02551:0.271645):0.088024,(orf19.4308:0.197466,CTRG_05974:0.185167):0.098829):0.138534,((DEHA0G14817g:0.398635,CGUG_04386:0.458759):0.060768,CLUG_03892:0.504307):0.079867):0.319888,(((((((YDR507C:0.070317,spar_5391:0.045713):0.032766,smik_5436:0.077240):0.077402,sbay_2536:0.583200):0.127625,CAGL0K05709g:0.407487):0.159415,scas_g493.2:0.341529):0.141672,(sbay_5766:0.155016,((spar_2358:0.076825,YCL024W:0.102958):0.069495,smik_2101:0.113908):0.478129):0.016596):0.138441,((AFR696C:0.403721,KLLA0C01650g:0.296502):0.061313,kwal_13225:0.366868):0.075537):0.319888);

search: iter 92
search: reject
search: lnl    = -72388.289589
search: seqlk  = -72402.218750
search: branch = 41.118943
search: top   = -27.189782
tree: ((((sbay_2536:0.421621,(sbay_5766:0.080666,((YDR507C:0.071577,spar_5391:0.044821):0.034161,smik_5436:0.081401):0.064452):0.288831):0.017055,scas_g493.2:0.335616):0.027066,(KLLA0C01650g:0.313827,kwal_13225:0.401524):0.114415):0.002808,((((LELG_04128:0.378564,CPAG_02551:0.271284):0.086936,(orf19.4308:0.196710,CTRG_05974:0.185892):0.100082):0.126453,(CLUG_03892:0.504003,(DEHA0G14817g:0.396892,CGUG_04386:0.460236):0.063288):0.089414):0.678286,(AFR696C:0.502011,(CAGL0K05709g:0.394318,((spar_2358:0.077575,YCL024W:0.101897):0.060852,smik_2101:0.123432):0.341776):0.054563):0.002766):0.002808);

search: iter 93
search: reject
search: lnl    = -72451.692458
search: seqlk  = -72676.109375
search: branch = 310.068648
search: top   = -85.651731
tree: (((((LELG_04128:0.369458,(CPAG_02551:0.297667,(orf19.4308:0.196404,CTRG_05974:0.186055):0.128081):0.059272):0.187559,DEHA0G14817g:0.412011):0.064539,CGUG_04386:0.457143):0.060437,CLUG_03892:0.455893):0.313500,(((KLLA0C01650g:0.386114,sbay_2536:0.416421):0.001759,(AFR696C:0.453679,((((YDR507C:0.071827,spar_5391:0.044320):0.033688,smik_5436:0.081431):0.064252,(scas_g493.2:0.495263,sbay_5766:0.089037):0.002808):0.269835,(CAGL0K05709g:0.394174,((spar_2358:0.077767,YCL024W:0.101818):0.058994,smik_2101:0.125472):0.339886):0.026295):0.081043):0.029298):0.053172,kwal_13225:0.384579):0.313500);

search: iter 94
search: reject
search: lnl    = -74840.754167
search: seqlk  = -74791.054688
search: branch = -28.264628
search: top   = -21.434852
tree: (((CGUG_04386:0.465896,CLUG_03892:0.436834):0.450808,(scas_g493.2:0.313098,(((smik_5436:0.068178,(spar_5391:0.045681,YDR507C:0.070423):0.041651):0.214809,sbay_2536:0.506184):0.002837,CAGL0K05709g:0.392047):0.026295):0.182894):0.136423,((((smik_2101:0.114482,(YCL024W:0.102931,spar_2358:0.076926):0.069220):0.428404,sbay_5766:0.206414):0.078858,(kwal_13225:0.364666,(AFR696C:0.397363,KLLA0C01650g:0.301297):0.062096):0.116401):0.136569,(DEHA0G14817g:0.422977,((LELG_04128:0.377850,CPAG_02551:0.271116):0.078427,(CTRG_05974:0.183886,orf19.4308:0.197865):0.102316):0.152575):0.477377):0.136423);

search: iter 95
search: reject
search: lnl    = -73418.246980
search: seqlk  = -73326.812500
search: branch = -5.145746
search: top   = -86.288734
tree: (((KLLA0C01650g:0.345123,((((LELG_04128:0.358885,(CPAG_02551:0.293823,(orf19.4308:0.195819,CTRG_05974:0.186316):0.131635):0.064140):0.178228,DEHA0G14817g:0.409264):0.049100,CGUG_04386:0.445676):0.592340,(AFR696C:0.445520,((((YDR507C:0.071739,spar_5391:0.044409):0.033721,smik_5436:0.081384):0.059086,(scas_g493.2:0.494406,sbay_5766:0.082154):0.017558):0.255761,(CAGL0K05709g:0.370972,((spar_2358:0.077652,YCL024W:0.102235):0.059883,smik_2101:0.124301):0.360842):0.032631):0.082227):0.002837):0.136423):0.062096,sbay_2536:0.407580):0.021680,(CLUG_03892:0.916131,kwal_13225:0.363270):0.021680);

search: iter 96
search: reject
search: lnl    = -74083.025414
search: seqlk  = -74060.210938
search: branch = -6.008774
search: top   = -16.805703
tree: (((((CTRG_05974:0.185351,orf19.4308:0.197184):0.098576,(CPAG_02551:0.271219,LELG_04128:0.378928):0.088385):0.128557,(CLUG_03892:0.504254,(DEHA0G14817g:0.397246,CGUG_04386:0.459763):0.062399):0.087679):0.614365,(((CAGL0K05709g:0.400039,(sbay_5766:0.242237,(smik_2101:0.115399,(YCL024W:0.102322,spar_2358:0.077308):0.068088):0.442347):0.027275):0.023641,scas_g493.2:0.317714):0.018026,(AFR696C:0.426183,KLLA0C01650g:0.274049):0.150809):0.169345):0.169079,(kwal_13225:0.422117,(sbay_2536:0.514052,(smik_5436:0.072312,(spar_5391:0.046436,YDR507C:0.069571):0.036901):0.136514):0.116773):0.169079);

search: iter 97
search: reject
search: lnl    = -73313.954705
search: seqlk  = -73311.070312
search: branch = 25.684461
search: top   = -28.568854
tree: (((CLUG_03892:0.429618,(CGUG_04386:0.450831,DEHA0G14817g:0.403533):0.083007):0.499990,(CAGL0K05709g:0.352806,((((YDR507C:0.070789,spar_5391:0.045580):0.033347,smik_5436:0.081968):0.066677,((spar_2358:0.076452,YCL024W:0.103230):0.072396,smik_2101:0.110415):0.591368):0.000312,sbay_5766:0.084546):0.213669):0.087932):0.006482,(((scas_g493.2:0.271139,sbay_2536:0.484415):0.036023,((KLLA0C01650g:0.303936,AFR696C:0.398777):0.039362,kwal_13225:0.395334):0.124886):0.054056,((LELG_04128:0.380037,CPAG_02551:0.266918):0.072114,(orf19.4308:0.193649,CTRG_05974:0.188964):0.096561):0.580042):0.006482);

search: iter 98
search: reject
search: lnl    = -72887.919183
search: seqlk  = -72892.914062
search: branch = 27.275918
search: top   = -22.281039
tree: ((((scas_g493.2:0.267472,(sbay_2536:0.172527,(smik_2101:0.133870,(YCL024W:0.102068,spar_2358:0.077202):0.055819):0.118775):0.346361):0.047848,((AFR696C:0.399210,KLLA0C01650g:0.302352):0.030058,kwal_13225:0.401295):0.088683):0.583739,((CTRG_05974:0.181112,orf19.4308:0.200134):0.084617,(CLUG_03892:0.499336,(CGUG_04386:0.456975,DEHA0G14817g:0.400295):0.071298):0.168647):0.035041):0.159275,(((sbay_5766:0.086153,(smik_5436:0.082729,(spar_5391:0.044998,YDR507C:0.071370):0.033350):0.057062):0.244412,CAGL0K05709g:0.306548):0.535739,(CPAG_02551:0.229534,LELG_04128:0.369948):0.160082):0.159275);

search: iter 99
search: reject
search: lnl    = -73353.906092
search: seqlk  = -73351.289062
search: branch = 24.885179
search: top   = -27.502209
tree: (((CGUG_04386:0.436664,DEHA0G14817g:0.401871):0.458717,((smik_2101:0.121227,(YCL024W:0.102083,spar_2358:0.077205):0.063181):0.409511,((AFR696C:0.406414,KLLA0C01650g:0.295148):0.045429,kwal_13225:0.385053):0.107017):0.041717):0.005240,(((((sbay_2536:0.660933,sbay_5766:0.076742):0.011578,(smik_5436:0.081678,(spar_5391:0.045368,YDR507C:0.071024):0.033626):0.063275):0.216495,CAGL0K05709g:0.352288):0.086112,scas_g493.2:0.266299):0.095677,(CLUG_03892:0.492955,((CTRG_05974:0.191306,orf19.4308:0.191718):0.094791,(CPAG_02551:0.267486,LELG_04128:0.381883):0.087109):0.184703):0.416053):0.005240);

accept rate: 0.100000
search: final
search: lnl    = 3666846.150614
search: seqlk  = -72668.609375
search: branch = 3739609.567249
search: top    = -94.807259
seq runtime:	137.584839
branch runtime:	0.883410
topology runtime:	0.033768
proposal runtime:	21.345117
runtime seconds:	160
runtime minutes:	2.7
runtime hours:	0.0
